<?xml version="1.0" encoding="UTF-8" standalone="yes"?>
<testsuites name="call_center" time="89" tests="2" failures="1" errors="0">
    <testsuite name="call_center" tests="2" failures="1" errors="0" time="89" timestamp="2019-08-27 21:49:37" hostname="kuu - LAPTOP-1HTL2ESM" id="Test Suites/call_center">
        <properties>
            <property name="deviceName" value=""/>
            <property name="devicePlatform" value=""/>
            <property name="logFolder" value="C:\\Users\\kuu\\Katalon Studio\\call_center\\Reports\\call_center\\20190827_214931"/>
            <property name="logFiles" value="C:\\Users\\kuu\\Katalon Studio\\call_center\\Reports\\call_center\\20190827_214931\\execution0.log"/>
            <property name="attachments" value="C:\\Users\\kuu\\Katalon Studio\\call_center\\Reports\\call_center\\20190827_214931\\1566967794312.png"/>
            <property name="hostName" value="kuu - LAPTOP-1HTL2ESM"/>
            <property name="os" value="Windows 10 64bit"/>
            <property name="katalonVersion" value="6.2.2.4"/>
            <property name="browser" value="Firefox 65.0"/>
            <property name="hostAddress" value="172.16.12.55"/>
            <property name="sessionId" value="f27100a5-c576-4dcd-a9b4-51597c0d845f"/>
            <property name="seleniumVersion" value="3.141.59"/>
            <property name="proxyInformation" value="ProxyInformation{proxyOption=NO_PROXY, proxyServerType=HTTP, password=, proxyServerAddress=, proxyServerPort=0}"/>
            <property name="platform" value="Windows 10"/>
        </properties>
        <testcase name="Test Cases/Call_Center/Login" classname="Test Cases/Call_Center/Login" status="FAILED">
            <failure type="FAILED" message="Test Cases/Call_Center/Login FAILED.&#xA;Reason:&#xA;com.kms.katalon.core.exception.StepFailedException: Unable to set encrypted text for object 'Object Repository/CallCenter/CreateNewStudent/Page_Login/input_password'&#xD;&#xA;&#x9;at com.kms.katalon.core.webui.keyword.internal.WebUIKeywordMain.stepFailed(WebUIKeywordMain.groovy:64)&#xD;&#xA;&#x9;at com.kms.katalon.core.webui.keyword.internal.WebUIKeywordMain.runKeyword(WebUIKeywordMain.groovy:26)&#xD;&#xA;&#x9;at com.kms.katalon.core.webui.keyword.builtin.SetEncryptedTextKeyword.setEncryptedText(SetEncryptedTextKeyword.groovy:65)&#xD;&#xA;&#x9;at com.kms.katalon.core.webui.keyword.builtin.SetEncryptedTextKeyword.execute(SetEncryptedTextKeyword.groovy:34)&#xD;&#xA;&#x9;at com.kms.katalon.core.keyword.internal.KeywordExecutor.executeKeywordForPlatform(KeywordExecutor.groovy:56)&#xD;&#xA;&#x9;at com.kms.katalon.core.webui.keyword.WebUiBuiltInKeywords.setEncryptedText(WebUiBuiltInKeywords.groovy:981)&#xD;&#xA;&#x9;at com.kms.katalon.core.webui.keyword.WebUiBuiltInKeywords$setEncryptedText$2.call(Unknown Source)&#xD;&#xA;&#x9;at Login.run(Login:22)&#xD;&#xA;&#x9;at com.kms.katalon.core.main.ScriptEngine.run(ScriptEngine.java:194)&#xD;&#xA;&#x9;at com.kms.katalon.core.main.ScriptEngine.runScriptAsRawText(ScriptEngine.java:119)&#xD;&#xA;&#x9;at com.kms.katalon.core.main.TestCaseExecutor.runScript(TestCaseExecutor.java:337)&#xD;&#xA;&#x9;at com.kms.katalon.core.main.TestCaseExecutor.doExecute(TestCaseExecutor.java:328)&#xD;&#xA;&#x9;at com.kms.katalon.core.main.TestCaseExecutor.processExecutionPhase(TestCaseExecutor.java:307)&#xD;&#xA;&#x9;at com.kms.katalon.core.main.TestCaseExecutor.accessMainPhase(TestCaseExecutor.java:299)&#xD;&#xA;&#x9;at com.kms.katalon.core.main.TestCaseExecutor.execute(TestCaseExecutor.java:233)&#xD;&#xA;&#x9;at com.kms.katalon.core.main.TestSuiteExecutor.accessTestCaseMainPhase(TestSuiteExecutor.java:133)&#xD;&#xA;&#x9;at com.kms.katalon.core.main.TestSuiteExecutor.accessTestSuiteMainPhase(TestSuiteExecutor.java:116)&#xD;&#xA;&#x9;at com.kms.katalon.core.main.TestSuiteExecutor.execute(TestSuiteExecutor.java:83)&#xD;&#xA;&#x9;at com.kms.katalon.core.main.TestCaseMain.startTestSuite(TestCaseMain.java:157)&#xD;&#xA;&#x9;at com.kms.katalon.core.main.TestCaseMain$startTestSuite$0.call(Unknown Source)&#xD;&#xA;&#x9;at TempTestSuite1566967771304.run(TempTestSuite1566967771304.groovy:35)&#xD;&#xA;Caused by: javax.crypto.IllegalBlockSizeException: Input length must be multiple of 8 when decrypting with padded cipher&#xD;&#xA;&#x9;at com.sun.crypto.provider.CipherCore.doFinal(CipherCore.java:936)&#xD;&#xA;&#x9;at com.sun.crypto.provider.CipherCore.doFinal(CipherCore.java:847)&#xD;&#xA;&#x9;at com.sun.crypto.provider.PKCS12PBECipherCore.implDoFinal(PKCS12PBECipherCore.java:399)&#xD;&#xA;&#x9;at com.sun.crypto.provider.PKCS12PBECipherCore$PBEWithSHA1AndDESede.engineDoFinal(PKCS12PBECipherCore.java:431)&#xD;&#xA;&#x9;at com.kms.katalon.util.CryptoUtil.decode(CryptoUtil.java:86)&#xD;&#xA;&#x9;at com.kms.katalon.core.webui.keyword.builtin.SetEncryptedTextKeyword$_setEncryptedText_closure1.doCall(SetEncryptedTextKeyword.groovy:48)&#xD;&#xA;&#x9;at com.kms.katalon.core.webui.keyword.builtin.SetEncryptedTextKeyword$_setEncryptedText_closure1.call(SetEncryptedTextKeyword.groovy)&#xD;&#xA;&#x9;at com.kms.katalon.core.webui.keyword.internal.WebUIKeywordMain.runKeyword(WebUIKeywordMain.groovy:20)&#xD;&#xA;&#x9;... 19 more&#xD;&#xA;"/>
            <system-out>2019-08-27 21:49:40 - [TEST_CASE][FAILED] - Test Cases/Call_Center/Login: Test Cases/Call_Center/Login FAILED.
Reason:
com.kms.katalon.core.exception.StepFailedException: Unable to set encrypted text for object 'Object Repository/CallCenter/CreateNewStudent/Page_Login/input_password'&#xD;
	at com.kms.katalon.core.webui.keyword.internal.WebUIKeywordMain.stepFailed(WebUIKeywordMain.groovy:64)&#xD;
	at com.kms.katalon.core.webui.keyword.internal.WebUIKeywordMain.runKeyword(WebUIKeywordMain.groovy:26)&#xD;
	at com.kms.katalon.core.webui.keyword.builtin.SetEncryptedTextKeyword.setEncryptedText(SetEncryptedTextKeyword.groovy:65)&#xD;
	at com.kms.katalon.core.webui.keyword.builtin.SetEncryptedTextKeyword.execute(SetEncryptedTextKeyword.groovy:34)&#xD;
	at com.kms.katalon.core.keyword.internal.KeywordExecutor.executeKeywordForPlatform(KeywordExecutor.groovy:56)&#xD;
	at com.kms.katalon.core.webui.keyword.WebUiBuiltInKeywords.setEncryptedText(WebUiBuiltInKeywords.groovy:981)&#xD;
	at com.kms.katalon.core.webui.keyword.WebUiBuiltInKeywords$setEncryptedText$2.call(Unknown Source)&#xD;
	at Login.run(Login:22)&#xD;
	at com.kms.katalon.core.main.ScriptEngine.run(ScriptEngine.java:194)&#xD;
	at com.kms.katalon.core.main.ScriptEngine.runScriptAsRawText(ScriptEngine.java:119)&#xD;
	at com.kms.katalon.core.main.TestCaseExecutor.runScript(TestCaseExecutor.java:337)&#xD;
	at com.kms.katalon.core.main.TestCaseExecutor.doExecute(TestCaseExecutor.java:328)&#xD;
	at com.kms.katalon.core.main.TestCaseExecutor.processExecutionPhase(TestCaseExecutor.java:307)&#xD;
	at com.kms.katalon.core.main.TestCaseExecutor.accessMainPhase(TestCaseExecutor.java:299)&#xD;
	at com.kms.katalon.core.main.TestCaseExecutor.execute(TestCaseExecutor.java:233)&#xD;
	at com.kms.katalon.core.main.TestSuiteExecutor.accessTestCaseMainPhase(TestSuiteExecutor.java:133)&#xD;
	at com.kms.katalon.core.main.TestSuiteExecutor.accessTestSuiteMainPhase(TestSuiteExecutor.java:116)&#xD;
	at com.kms.katalon.core.main.TestSuiteExecutor.execute(TestSuiteExecutor.java:83)&#xD;
	at com.kms.katalon.core.main.TestCaseMain.startTestSuite(TestCaseMain.java:157)&#xD;
	at com.kms.katalon.core.main.TestCaseMain$startTestSuite$0.call(Unknown Source)&#xD;
	at TempTestSuite1566967771304.run(TempTestSuite1566967771304.groovy:35)&#xD;
Caused by: javax.crypto.IllegalBlockSizeException: Input length must be multiple of 8 when decrypting with padded cipher&#xD;
	at com.sun.crypto.provider.CipherCore.doFinal(CipherCore.java:936)&#xD;
	at com.sun.crypto.provider.CipherCore.doFinal(CipherCore.java:847)&#xD;
	at com.sun.crypto.provider.PKCS12PBECipherCore.implDoFinal(PKCS12PBECipherCore.java:399)&#xD;
	at com.sun.crypto.provider.PKCS12PBECipherCore$PBEWithSHA1AndDESede.engineDoFinal(PKCS12PBECipherCore.java:431)&#xD;
	at com.kms.katalon.util.CryptoUtil.decode(CryptoUtil.java:86)&#xD;
	at com.kms.katalon.core.webui.keyword.builtin.SetEncryptedTextKeyword$_setEncryptedText_closure1.doCall(SetEncryptedTextKeyword.groovy:48)&#xD;
	at com.kms.katalon.core.webui.keyword.builtin.SetEncryptedTextKeyword$_setEncryptedText_closure1.call(SetEncryptedTextKeyword.groovy)&#xD;
	at com.kms.katalon.core.webui.keyword.internal.WebUIKeywordMain.runKeyword(WebUIKeywordMain.groovy:20)&#xD;
	... 19 more&#xD;
&#xD;
&#xD;
2019-08-27 21:49:40 - [TEST_STEP][PASSED] - Start listener action : sampleBeforeTestCase: null&#xD;
&#xD;
2019-08-27 21:49:40 - [TEST_STEP][PASSED] - println(testCaseContext.getTestCaseId()): null&#xD;
&#xD;
2019-08-27 21:49:40 - [TEST_STEP][PASSED] - println(testCaseContext.getTestCaseVariables()): null&#xD;
&#xD;
2019-08-27 21:49:40 - [TEST_STEP][PASSED] - if (environment == "test"): null&#xD;
&#xD;
2019-08-27 21:49:40 - [TEST_STEP][PASSED] - url = "http://call-center-beta.speiyou.net/login": null&#xD;
&#xD;
2019-08-27 21:49:41 - [TEST_STEP][PASSED] - openBrowser(""): Browser is opened with url: ''&#xD;
&#xD;
2019-08-27 21:49:42 - [MESSAGE][INFO] - Starting 'Firefox' driver&#xD;
&#xD;
2019-08-27 21:49:42 - [MESSAGE][INFO] - Action delay is set to 0 seconds&#xD;
&#xD;
2019-08-27 21:49:51 - [MESSAGE][PASSED] - Browser is opened with url: ''&#xD;
&#xD;
2019-08-27 21:49:51 - [TEST_STEP][PASSED] - navigateToUrl("http://call-center-beta.speiyou.net/login"): Navigate to 'http://call-center-beta.speiyou.net/login' successfully&#xD;
&#xD;
2019-08-27 21:49:53 - [MESSAGE][PASSED] - Navigate to 'http://call-center-beta.speiyou.net/login' successfully&#xD;
&#xD;
2019-08-27 21:49:53 - [TEST_STEP][PASSED] - setText(findTestObject("Object Repository/CallCenter/CreateNewStudent/Page_Login/input__username"), username): Text '3018' is set on object 'Object Repository/CallCenter/CreateNewStudent/Page_Login/input__username'&#xD;
&#xD;
2019-08-27 21:49:54 - [MESSAGE][PASSED] - Text '3018' is set on object 'Object Repository/CallCenter/CreateNewStudent/Page_Login/input__username'&#xD;
&#xD;
2019-08-27 21:49:54 - [TEST_STEP][FAILED] - setEncryptedText(findTestObject("Object Repository/CallCenter/CreateNewStudent/Page_Login/input_password"), password): Unable to set encrypted text for object 'Object Repository/CallCenter/CreateNewStudent/Page_Login/input_password' (Root cause: com.kms.katalon.core.exception.StepFailedException: Unable to set encrypted text for object 'Object Repository/CallCenter/CreateNewStudent/Page_Login/input_password'&#xD;
	at com.kms.katalon.core.webui.keyword.internal.WebUIKeywordMain.stepFailed(WebUIKeywordMain.groovy:64)&#xD;
	at com.kms.katalon.core.webui.keyword.internal.WebUIKeywordMain.runKeyword(WebUIKeywordMain.groovy:26)&#xD;
	at com.kms.katalon.core.webui.keyword.builtin.SetEncryptedTextKeyword.setEncryptedText(SetEncryptedTextKeyword.groovy:65)&#xD;
	at com.kms.katalon.core.webui.keyword.builtin.SetEncryptedTextKeyword.execute(SetEncryptedTextKeyword.groovy:34)&#xD;
	at com.kms.katalon.core.keyword.internal.KeywordExecutor.executeKeywordForPlatform(KeywordExecutor.groovy:56)&#xD;
	at com.kms.katalon.core.webui.keyword.WebUiBuiltInKeywords.setEncryptedText(WebUiBuiltInKeywords.groovy:981)&#xD;
	at com.kms.katalon.core.webui.keyword.WebUiBuiltInKeywords$setEncryptedText$2.call(Unknown Source)&#xD;
	at Login.run(Login:22)&#xD;
	at com.kms.katalon.core.main.ScriptEngine.run(ScriptEngine.java:194)&#xD;
	at com.kms.katalon.core.main.ScriptEngine.runScriptAsRawText(ScriptEngine.java:119)&#xD;
	at com.kms.katalon.core.main.TestCaseExecutor.runScript(TestCaseExecutor.java:337)&#xD;
	at com.kms.katalon.core.main.TestCaseExecutor.doExecute(TestCaseExecutor.java:328)&#xD;
	at com.kms.katalon.core.main.TestCaseExecutor.processExecutionPhase(TestCaseExecutor.java:307)&#xD;
	at com.kms.katalon.core.main.TestCaseExecutor.accessMainPhase(TestCaseExecutor.java:299)&#xD;
	at com.kms.katalon.core.main.TestCaseExecutor.execute(TestCaseExecutor.java:233)&#xD;
	at com.kms.katalon.core.main.TestSuiteExecutor.accessTestCaseMainPhase(TestSuiteExecutor.java:133)&#xD;
	at com.kms.katalon.core.main.TestSuiteExecutor.accessTestSuiteMainPhase(TestSuiteExecutor.java:116)&#xD;
	at com.kms.katalon.core.main.TestSuiteExecutor.execute(TestSuiteExecutor.java:83)&#xD;
	at com.kms.katalon.core.main.TestCaseMain.startTestSuite(TestCaseMain.java:157)&#xD;
	at com.kms.katalon.core.main.TestCaseMain$startTestSuite$0.call(Unknown Source)&#xD;
	at TempTestSuite1566967771304.run(TempTestSuite1566967771304.groovy:35)&#xD;
Caused by: javax.crypto.IllegalBlockSizeException: Input length must be multiple of 8 when decrypting with padded cipher&#xD;
	at com.sun.crypto.provider.CipherCore.doFinal(CipherCore.java:936)&#xD;
	at com.sun.crypto.provider.CipherCore.doFinal(CipherCore.java:847)&#xD;
	at com.sun.crypto.provider.PKCS12PBECipherCore.implDoFinal(PKCS12PBECipherCore.java:399)&#xD;
	at com.sun.crypto.provider.PKCS12PBECipherCore$PBEWithSHA1AndDESede.engineDoFinal(PKCS12PBECipherCore.java:431)&#xD;
	at com.kms.katalon.util.CryptoUtil.decode(CryptoUtil.java:86)&#xD;
	at com.kms.katalon.core.webui.keyword.builtin.SetEncryptedTextKeyword$_setEncryptedText_closure1.doCall(SetEncryptedTextKeyword.groovy:48)&#xD;
	at com.kms.katalon.core.webui.keyword.builtin.SetEncryptedTextKeyword$_setEncryptedText_closure1.call(SetEncryptedTextKeyword.groovy)&#xD;
	at com.kms.katalon.core.webui.keyword.internal.WebUIKeywordMain.runKeyword(WebUIKeywordMain.groovy:20)&#xD;
	at com.kms.katalon.core.webui.keyword.builtin.SetEncryptedTextKeyword.setEncryptedText(SetEncryptedTextKeyword.groovy:65)&#xD;
	at com.kms.katalon.core.webui.keyword.builtin.SetEncryptedTextKeyword.execute(SetEncryptedTextKeyword.groovy:34)&#xD;
	at com.kms.katalon.core.keyword.internal.KeywordExecutor.executeKeywordForPlatform(KeywordExecutor.groovy:56)&#xD;
	at com.kms.katalon.core.webui.keyword.WebUiBuiltInKeywords.setEncryptedText(WebUiBuiltInKeywords.groovy:981)&#xD;
	at com.kms.katalon.core.webui.keyword.WebUiBuiltInKeywords$setEncryptedText$2.call(Unknown Source)&#xD;
	at Script1565488085904.run(Script1565488085904.groovy:22)&#xD;
	... 13 more&#xD;
)&#xD;
&#xD;
2019-08-27 21:49:54 - [MESSAGE][FAILED] - Unable to set encrypted text for object 'Object Repository/CallCenter/CreateNewStudent/Page_Login/input_password' (Root cause: com.kms.katalon.core.exception.StepFailedException: Unable to set encrypted text for object 'Object Repository/CallCenter/CreateNewStudent/Page_Login/input_password'&#xD;
	at com.kms.katalon.core.webui.keyword.internal.WebUIKeywordMain.stepFailed(WebUIKeywordMain.groovy:64)&#xD;
	at com.kms.katalon.core.webui.keyword.internal.WebUIKeywordMain.runKeyword(WebUIKeywordMain.groovy:26)&#xD;
	at com.kms.katalon.core.webui.keyword.builtin.SetEncryptedTextKeyword.setEncryptedText(SetEncryptedTextKeyword.groovy:65)&#xD;
	at com.kms.katalon.core.webui.keyword.builtin.SetEncryptedTextKeyword.execute(SetEncryptedTextKeyword.groovy:34)&#xD;
	at com.kms.katalon.core.keyword.internal.KeywordExecutor.executeKeywordForPlatform(KeywordExecutor.groovy:56)&#xD;
	at com.kms.katalon.core.webui.keyword.WebUiBuiltInKeywords.setEncryptedText(WebUiBuiltInKeywords.groovy:981)&#xD;
	at com.kms.katalon.core.webui.keyword.WebUiBuiltInKeywords$setEncryptedText$2.call(Unknown Source)&#xD;
	at Login.run(Login:22)&#xD;
	at com.kms.katalon.core.main.ScriptEngine.run(ScriptEngine.java:194)&#xD;
	at com.kms.katalon.core.main.ScriptEngine.runScriptAsRawText(ScriptEngine.java:119)&#xD;
	at com.kms.katalon.core.main.TestCaseExecutor.runScript(TestCaseExecutor.java:337)&#xD;
	at com.kms.katalon.core.main.TestCaseExecutor.doExecute(TestCaseExecutor.java:328)&#xD;
	at com.kms.katalon.core.main.TestCaseExecutor.processExecutionPhase(TestCaseExecutor.java:307)&#xD;
	at com.kms.katalon.core.main.TestCaseExecutor.accessMainPhase(TestCaseExecutor.java:299)&#xD;
	at com.kms.katalon.core.main.TestCaseExecutor.execute(TestCaseExecutor.java:233)&#xD;
	at com.kms.katalon.core.main.TestSuiteExecutor.accessTestCaseMainPhase(TestSuiteExecutor.java:133)&#xD;
	at com.kms.katalon.core.main.TestSuiteExecutor.accessTestSuiteMainPhase(TestSuiteExecutor.java:116)&#xD;
	at com.kms.katalon.core.main.TestSuiteExecutor.execute(TestSuiteExecutor.java:83)&#xD;
	at com.kms.katalon.core.main.TestCaseMain.startTestSuite(TestCaseMain.java:157)&#xD;
	at com.kms.katalon.core.main.TestCaseMain$startTestSuite$0.call(Unknown Source)&#xD;
	at TempTestSuite1566967771304.run(TempTestSuite1566967771304.groovy:35)&#xD;
Caused by: javax.crypto.IllegalBlockSizeException: Input length must be multiple of 8 when decrypting with padded cipher&#xD;
	at com.sun.crypto.provider.CipherCore.doFinal(CipherCore.java:936)&#xD;
	at com.sun.crypto.provider.CipherCore.doFinal(CipherCore.java:847)&#xD;
	at com.sun.crypto.provider.PKCS12PBECipherCore.implDoFinal(PKCS12PBECipherCore.java:399)&#xD;
	at com.sun.crypto.provider.PKCS12PBECipherCore$PBEWithSHA1AndDESede.engineDoFinal(PKCS12PBECipherCore.java:431)&#xD;
	at com.kms.katalon.util.CryptoUtil.decode(CryptoUtil.java:86)&#xD;
	at com.kms.katalon.core.webui.keyword.builtin.SetEncryptedTextKeyword$_setEncryptedText_closure1.doCall(SetEncryptedTextKeyword.groovy:48)&#xD;
	at com.kms.katalon.core.webui.keyword.builtin.SetEncryptedTextKeyword$_setEncryptedText_closure1.call(SetEncryptedTextKeyword.groovy)&#xD;
	at com.kms.katalon.core.webui.keyword.internal.WebUIKeywordMain.runKeyword(WebUIKeywordMain.groovy:20)&#xD;
	at com.kms.katalon.core.webui.keyword.builtin.SetEncryptedTextKeyword.setEncryptedText(SetEncryptedTextKeyword.groovy:65)&#xD;
	at com.kms.katalon.core.webui.keyword.builtin.SetEncryptedTextKeyword.execute(SetEncryptedTextKeyword.groovy:34)&#xD;
	at com.kms.katalon.core.keyword.internal.KeywordExecutor.executeKeywordForPlatform(KeywordExecutor.groovy:56)&#xD;
	at com.kms.katalon.core.webui.keyword.WebUiBuiltInKeywords.setEncryptedText(WebUiBuiltInKeywords.groovy:981)&#xD;
	at com.kms.katalon.core.webui.keyword.WebUiBuiltInKeywords$setEncryptedText$2.call(Unknown Source)&#xD;
	at Script1565488085904.run(Script1565488085904.groovy:22)&#xD;
	... 13 more&#xD;
)&#xD;
[[ATTACHMENT|C:\\Users\\kuu\\Katalon Studio\\call_center\\Reports\\call_center\\20190827_214931\\1566967794312.png]]</system-out>
            <system-err>2019-08-27 21:49:40 - [TEST_CASE][FAILED] - Test Cases/Call_Center/Login: Test Cases/Call_Center/Login FAILED.
Reason:
com.kms.katalon.core.exception.StepFailedException: Unable to set encrypted text for object 'Object Repository/CallCenter/CreateNewStudent/Page_Login/input_password'&#xD;
	at com.kms.katalon.core.webui.keyword.internal.WebUIKeywordMain.stepFailed(WebUIKeywordMain.groovy:64)&#xD;
	at com.kms.katalon.core.webui.keyword.internal.WebUIKeywordMain.runKeyword(WebUIKeywordMain.groovy:26)&#xD;
	at com.kms.katalon.core.webui.keyword.builtin.SetEncryptedTextKeyword.setEncryptedText(SetEncryptedTextKeyword.groovy:65)&#xD;
	at com.kms.katalon.core.webui.keyword.builtin.SetEncryptedTextKeyword.execute(SetEncryptedTextKeyword.groovy:34)&#xD;
	at com.kms.katalon.core.keyword.internal.KeywordExecutor.executeKeywordForPlatform(KeywordExecutor.groovy:56)&#xD;
	at com.kms.katalon.core.webui.keyword.WebUiBuiltInKeywords.setEncryptedText(WebUiBuiltInKeywords.groovy:981)&#xD;
	at com.kms.katalon.core.webui.keyword.WebUiBuiltInKeywords$setEncryptedText$2.call(Unknown Source)&#xD;
	at Login.run(Login:22)&#xD;
	at com.kms.katalon.core.main.ScriptEngine.run(ScriptEngine.java:194)&#xD;
	at com.kms.katalon.core.main.ScriptEngine.runScriptAsRawText(ScriptEngine.java:119)&#xD;
	at com.kms.katalon.core.main.TestCaseExecutor.runScript(TestCaseExecutor.java:337)&#xD;
	at com.kms.katalon.core.main.TestCaseExecutor.doExecute(TestCaseExecutor.java:328)&#xD;
	at com.kms.katalon.core.main.TestCaseExecutor.processExecutionPhase(TestCaseExecutor.java:307)&#xD;
	at com.kms.katalon.core.main.TestCaseExecutor.accessMainPhase(TestCaseExecutor.java:299)&#xD;
	at com.kms.katalon.core.main.TestCaseExecutor.execute(TestCaseExecutor.java:233)&#xD;
	at com.kms.katalon.core.main.TestSuiteExecutor.accessTestCaseMainPhase(TestSuiteExecutor.java:133)&#xD;
	at com.kms.katalon.core.main.TestSuiteExecutor.accessTestSuiteMainPhase(TestSuiteExecutor.java:116)&#xD;
	at com.kms.katalon.core.main.TestSuiteExecutor.execute(TestSuiteExecutor.java:83)&#xD;
	at com.kms.katalon.core.main.TestCaseMain.startTestSuite(TestCaseMain.java:157)&#xD;
	at com.kms.katalon.core.main.TestCaseMain$startTestSuite$0.call(Unknown Source)&#xD;
	at TempTestSuite1566967771304.run(TempTestSuite1566967771304.groovy:35)&#xD;
Caused by: javax.crypto.IllegalBlockSizeException: Input length must be multiple of 8 when decrypting with padded cipher&#xD;
	at com.sun.crypto.provider.CipherCore.doFinal(CipherCore.java:936)&#xD;
	at com.sun.crypto.provider.CipherCore.doFinal(CipherCore.java:847)&#xD;
	at com.sun.crypto.provider.PKCS12PBECipherCore.implDoFinal(PKCS12PBECipherCore.java:399)&#xD;
	at com.sun.crypto.provider.PKCS12PBECipherCore$PBEWithSHA1AndDESede.engineDoFinal(PKCS12PBECipherCore.java:431)&#xD;
	at com.kms.katalon.util.CryptoUtil.decode(CryptoUtil.java:86)&#xD;
	at com.kms.katalon.core.webui.keyword.builtin.SetEncryptedTextKeyword$_setEncryptedText_closure1.doCall(SetEncryptedTextKeyword.groovy:48)&#xD;
	at com.kms.katalon.core.webui.keyword.builtin.SetEncryptedTextKeyword$_setEncryptedText_closure1.call(SetEncryptedTextKeyword.groovy)&#xD;
	at com.kms.katalon.core.webui.keyword.internal.WebUIKeywordMain.runKeyword(WebUIKeywordMain.groovy:20)&#xD;
	... 19 more</system-err>
        </testcase>
        <testcase name="Test Cases/Call_Center/Create_New_Student" classname="Test Cases/Call_Center/Create_New_Student" status="PASSED">
            <system-out>2019-08-27 21:49:54 - [TEST_CASE][PASSED] - Test Cases/Call_Center/Create_New_Student: Test Cases/Call_Center/Create_New_Student&#xD;
&#xD;
2019-08-27 21:49:54 - [TEST_STEP][PASSED] - Start listener action : sampleBeforeTestCase: null&#xD;
&#xD;
2019-08-27 21:49:54 - [TEST_STEP][PASSED] - println(testCaseContext.getTestCaseId()): null&#xD;
&#xD;
2019-08-27 21:49:54 - [TEST_STEP][PASSED] - println(testCaseContext.getTestCaseVariables()): null&#xD;
&#xD;
2019-08-27 21:49:54 - [TEST_STEP][PASSED] - if (environment == "test"): null&#xD;
&#xD;
2019-08-27 21:49:54 - [TEST_STEP][PASSED] - url = "http://call-center-beta.speiyou.net/login": null&#xD;
&#xD;
2019-08-27 21:49:55 - [TEST_STEP][PASSED] - openBrowser(""): Browser is opened with url: ''&#xD;
&#xD;
2019-08-27 21:49:55 - [MESSAGE][WARNING] - A browser is already opened. Closing browser and opening a new one&#xD;
&#xD;
2019-08-27 21:49:58 - [MESSAGE][INFO] - Starting 'Firefox' driver&#xD;
&#xD;
2019-08-27 21:50:06 - [MESSAGE][PASSED] - Browser is opened with url: ''&#xD;
&#xD;
2019-08-27 21:50:06 - [TEST_STEP][PASSED] - navigateToUrl(url): Navigate to 'http://call-center-beta.speiyou.net/login' successfully&#xD;
&#xD;
2019-08-27 21:50:08 - [MESSAGE][PASSED] - Navigate to 'http://call-center-beta.speiyou.net/login' successfully&#xD;
&#xD;
2019-08-27 21:50:08 - [TEST_STEP][PASSED] - maximizeWindow(): Current window maximized&#xD;
&#xD;
2019-08-27 21:50:08 - [MESSAGE][PASSED] - Current window maximized&#xD;
&#xD;
2019-08-27 21:50:08 - [TEST_STEP][PASSED] - setText(findTestObject("CallCenter/CreateNewStudent/Page_Login/input__username"), "3018"): Text '3018' is set on object 'Object Repository/CallCenter/CreateNewStudent/Page_Login/input__username'&#xD;
&#xD;
2019-08-27 21:50:08 - [MESSAGE][PASSED] - Text '3018' is set on object 'Object Repository/CallCenter/CreateNewStudent/Page_Login/input__username'&#xD;
&#xD;
2019-08-27 21:50:08 - [TEST_STEP][PASSED] - setEncryptedText(findTestObject("CallCenter/CreateNewStudent/Page_Login/input_password"), "4nvbrPglk7k="): Text ****** has been set on object 'Object Repository/CallCenter/CreateNewStudent/Page_Login/input_password'&#xD;
&#xD;
2019-08-27 21:50:08 - [MESSAGE][PASSED] - Text ****** has been set on object 'Object Repository/CallCenter/CreateNewStudent/Page_Login/input_password'&#xD;
&#xD;
2019-08-27 21:50:08 - [TEST_STEP][PASSED] - click(findTestObject("CallCenter/Page_Login/btn_login")): Object: 'Object Repository/CallCenter/Page_Login/btn_login' is clicked on&#xD;
&#xD;
2019-08-27 21:50:09 - [MESSAGE][PASSED] - Object: 'Object Repository/CallCenter/Page_Login/btn_login' is clicked on&#xD;
&#xD;
2019-08-27 21:50:09 - [TEST_STEP][PASSED] - click(findTestObject("CallCenter/CreateNewStudent/Page_Create_New_Student/select_custmor_dropdown")): Object: 'Object Repository/CallCenter/CreateNewStudent/Page_Create_New_Student/select_custmor_dropdown' is clicked on&#xD;
&#xD;
2019-08-27 21:50:13 - [MESSAGE][PASSED] - Object: 'Object Repository/CallCenter/CreateNewStudent/Page_Create_New_Student/select_custmor_dropdown' is clicked on&#xD;
&#xD;
2019-08-27 21:50:13 - [TEST_STEP][PASSED] - click(findTestObject("CallCenter/CreateNewStudent/Page_Create_New_Student/btn_signup")): Object: 'Object Repository/CallCenter/CreateNewStudent/Page_Create_New_Student/btn_signup' is clicked on&#xD;
&#xD;
2019-08-27 21:50:14 - [MESSAGE][PASSED] - Object: 'Object Repository/CallCenter/CreateNewStudent/Page_Create_New_Student/btn_signup' is clicked on&#xD;
&#xD;
2019-08-27 21:50:14 - [TEST_STEP][PASSED] - click(findTestObject("CallCenter/CreateNewStudent/Page_Create_New_Student/button_addNewStudent")): Object: 'Object Repository/CallCenter/CreateNewStudent/Page_Create_New_Student/button_addNewStudent' is clicked on&#xD;
&#xD;
2019-08-27 21:50:22 - [MESSAGE][PASSED] - Object: 'Object Repository/CallCenter/CreateNewStudent/Page_Create_New_Student/button_addNewStudent' is clicked on&#xD;
&#xD;
2019-08-27 21:50:22 - [TEST_STEP][PASSED] - setText(findTestObject("CallCenter/CreateNewStudent/Page_Create_New_Student/input_studentName"), stuname): Text '郭一' is set on object 'Object Repository/CallCenter/CreateNewStudent/Page_Create_New_Student/input_studentName'&#xD;
&#xD;
2019-08-27 21:50:22 - [MESSAGE][PASSED] - Text '郭一' is set on object 'Object Repository/CallCenter/CreateNewStudent/Page_Create_New_Student/input_studentName'&#xD;
&#xD;
2019-08-27 21:50:22 - [TEST_STEP][PASSED] - setText(findTestObject("CallCenter/CreateNewStudent/Page_Create_New_Student/input_birthday"), birthday): Text '2019-07-13' is set on object 'Object Repository/CallCenter/CreateNewStudent/Page_Create_New_Student/input_birthday'&#xD;
&#xD;
2019-08-27 21:50:22 - [MESSAGE][PASSED] - Text '2019-07-13' is set on object 'Object Repository/CallCenter/CreateNewStudent/Page_Create_New_Student/input_birthday'&#xD;
&#xD;
2019-08-27 21:50:22 - [TEST_STEP][PASSED] - userSex(): null&#xD;
&#xD;
2019-08-27 21:50:22 - [TEST_STEP][PASSED] - if (String.valueOf(sex) == "女"): null&#xD;
&#xD;
2019-08-27 21:50:22 - [TEST_STEP][PASSED] - click(findTestObject("CallCenter/CreateNewStudent/Page_Create_New_Student/select_city_list_1")): Object: 'Object Repository/CallCenter/CreateNewStudent/Page_Create_New_Student/select_city_list_1' is clicked on&#xD;
&#xD;
2019-08-27 21:50:23 - [MESSAGE][PASSED] - Object: 'Object Repository/CallCenter/CreateNewStudent/Page_Create_New_Student/select_city_list_1' is clicked on&#xD;
&#xD;
2019-08-27 21:50:23 - [TEST_STEP][PASSED] - click(findTestObject("CallCenter/CreateNewStudent/Page_Create_New_Student/li_beiijing")): Object: 'Object Repository/CallCenter/CreateNewStudent/Page_Create_New_Student/li_beiijing' is clicked on&#xD;
&#xD;
2019-08-27 21:50:24 - [MESSAGE][PASSED] - Object: 'Object Repository/CallCenter/CreateNewStudent/Page_Create_New_Student/li_beiijing' is clicked on&#xD;
&#xD;
2019-08-27 21:50:24 - [TEST_STEP][PASSED] - click(findTestObject("CallCenter/CreateNewStudent/Page_Create_New_Student/select_city_list_2")): Object: 'Object Repository/CallCenter/CreateNewStudent/Page_Create_New_Student/select_city_list_2' is clicked on&#xD;
&#xD;
2019-08-27 21:50:24 - [MESSAGE][PASSED] - Object: 'Object Repository/CallCenter/CreateNewStudent/Page_Create_New_Student/select_city_list_2' is clicked on&#xD;
&#xD;
2019-08-27 21:50:24 - [TEST_STEP][PASSED] - click(findTestObject("CallCenter/CreateNewStudent/Page_Create_New_Student/li_beijingArea")): Object: 'Object Repository/CallCenter/CreateNewStudent/Page_Create_New_Student/li_beijingArea' is clicked on&#xD;
&#xD;
2019-08-27 21:50:25 - [MESSAGE][PASSED] - Object: 'Object Repository/CallCenter/CreateNewStudent/Page_Create_New_Student/li_beijingArea' is clicked on&#xD;
&#xD;
2019-08-27 21:50:25 - [TEST_STEP][PASSED] - click(findTestObject("CallCenter/CreateNewStudent/Page_Create_New_Student/select_gtade_1")): Object: 'Object Repository/CallCenter/CreateNewStudent/Page_Create_New_Student/select_gtade_1' is clicked on&#xD;
&#xD;
2019-08-27 21:50:25 - [MESSAGE][PASSED] - Object: 'Object Repository/CallCenter/CreateNewStudent/Page_Create_New_Student/select_gtade_1' is clicked on&#xD;
&#xD;
2019-08-27 21:50:25 - [TEST_STEP][PASSED] - click(findTestObject("CallCenter/CreateNewStudent/Page_Create_New_Student/li_xiaoxue")): Object: 'Object Repository/CallCenter/CreateNewStudent/Page_Create_New_Student/li_xiaoxue' is clicked on&#xD;
&#xD;
2019-08-27 21:50:26 - [MESSAGE][PASSED] - Object: 'Object Repository/CallCenter/CreateNewStudent/Page_Create_New_Student/li_xiaoxue' is clicked on&#xD;
&#xD;
2019-08-27 21:50:26 - [TEST_STEP][PASSED] - click(findTestObject("CallCenter/CreateNewStudent/Page_Create_New_Student/select_gtade_2")): Object: 'Object Repository/CallCenter/CreateNewStudent/Page_Create_New_Student/select_gtade_2' is clicked on&#xD;
&#xD;
2019-08-27 21:50:26 - [MESSAGE][PASSED] - Object: 'Object Repository/CallCenter/CreateNewStudent/Page_Create_New_Student/select_gtade_2' is clicked on&#xD;
&#xD;
2019-08-27 21:50:26 - [TEST_STEP][PASSED] - click(findTestObject("CallCenter/CreateNewStudent/Page_Create_New_Student/li_grade3")): Object: 'Object Repository/CallCenter/CreateNewStudent/Page_Create_New_Student/li_grade3' is clicked on&#xD;
&#xD;
2019-08-27 21:50:27 - [MESSAGE][PASSED] - Object: 'Object Repository/CallCenter/CreateNewStudent/Page_Create_New_Student/li_grade3' is clicked on&#xD;
&#xD;
2019-08-27 21:50:27 - [TEST_STEP][PASSED] - setText(findTestObject("CallCenter/CreateNewStudent/Page_Create_New_Student/input_phone"), "136" + utils.seleniumUtil.get8RandomNum()): Text '13612473746' is set on object 'Object Repository/CallCenter/CreateNewStudent/Page_Create_New_Student/input_phone'&#xD;
&#xD;
2019-08-27 21:50:27 - [MESSAGE][PASSED] - utils.seleniumUtil.get8RandomNum is PASSED&#xD;
&#xD;
2019-08-27 21:50:27 - [MESSAGE][PASSED] - Text '13612473746' is set on object 'Object Repository/CallCenter/CreateNewStudent/Page_Create_New_Student/input_phone'&#xD;
&#xD;
2019-08-27 21:50:28 - [TEST_STEP][PASSED] - click(findTestObject("CallCenter/CreateNewStudent/Page_Create_New_Student/select_mother_1")): Object: 'Object Repository/CallCenter/CreateNewStudent/Page_Create_New_Student/select_mother_1' is clicked on&#xD;
&#xD;
2019-08-27 21:50:28 - [MESSAGE][PASSED] - Object: 'Object Repository/CallCenter/CreateNewStudent/Page_Create_New_Student/select_mother_1' is clicked on&#xD;
&#xD;
2019-08-27 21:50:28 - [TEST_STEP][PASSED] - click(findTestObject("CallCenter/CreateNewStudent/Page_Create_New_Student/select_mother_2")): Object: 'Object Repository/CallCenter/CreateNewStudent/Page_Create_New_Student/select_mother_2' is clicked on&#xD;
&#xD;
2019-08-27 21:50:28 - [MESSAGE][PASSED] - Object: 'Object Repository/CallCenter/CreateNewStudent/Page_Create_New_Student/select_mother_2' is clicked on&#xD;
&#xD;
2019-08-27 21:50:28 - [TEST_STEP][PASSED] - click(findTestObject("CallCenter/CreateNewStudent/Page_Create_New_Student/button_safe")): Object: 'Object Repository/CallCenter/CreateNewStudent/Page_Create_New_Student/button_safe' is clicked on&#xD;
&#xD;
2019-08-27 21:50:29 - [MESSAGE][PASSED] - Object: 'Object Repository/CallCenter/CreateNewStudent/Page_Create_New_Student/button_safe' is clicked on&#xD;
&#xD;
2019-08-27 21:50:29 - [TEST_STEP][PASSED] - verifyElementPresent(findTestObject("CallCenter/CreateNewStudent/Page_Create_New_Student/text_create_success"), 2000): Object 'Object Repository/CallCenter/CreateNewStudent/Page_Create_New_Student/text_create_success' is present&#xD;
&#xD;
2019-08-27 21:50:30 - [MESSAGE][PASSED] - Object 'Object Repository/CallCenter/CreateNewStudent/Page_Create_New_Student/text_create_success' is present&#xD;
&#xD;
2019-08-27 21:50:30 - [TEST_STEP][PASSED] - verifyCheckpoint(findCheckpoint("Checkpoints/Checkpoint"), false): Checkpoint data and Source data are matched&#xD;
&#xD;
2019-08-27 21:50:30 - [MESSAGE][PASSED] - Checkpoint data and Source data are matched&#xD;
&#xD;
2019-08-27 21:50:30 - [TEST_STEP][PASSED] - switchToDefaultContent(): null&#xD;
&#xD;
2019-08-27 21:50:30 - [TEST_STEP][PASSED] - closeBrowser(): Browser is closed&#xD;
&#xD;
2019-08-27 21:50:32 - [MESSAGE][PASSED] - Browser is closed</system-out>
            <system-err></system-err>
        </testcase>
        <testcase name="Test Cases/Call_Center/Create_New_Student" classname="Test Cases/Call_Center/Create_New_Student" status="PASSED">
            <system-out>2019-08-27 21:50:32 - [TEST_CASE][PASSED] - Test Cases/Call_Center/Create_New_Student: Test Cases/Call_Center/Create_New_Student&#xD;
&#xD;
2019-08-27 21:50:32 - [TEST_STEP][PASSED] - Start listener action : sampleBeforeTestCase: null&#xD;
&#xD;
2019-08-27 21:50:32 - [TEST_STEP][PASSED] - println(testCaseContext.getTestCaseId()): null&#xD;
&#xD;
2019-08-27 21:50:32 - [TEST_STEP][PASSED] - println(testCaseContext.getTestCaseVariables()): null&#xD;
&#xD;
2019-08-27 21:50:32 - [TEST_STEP][PASSED] - if (environment == "test"): null&#xD;
&#xD;
2019-08-27 21:50:32 - [TEST_STEP][PASSED] - url = "http://call-center-beta.speiyou.net/login": null&#xD;
&#xD;
2019-08-27 21:50:32 - [TEST_STEP][PASSED] - openBrowser(""): Browser is opened with url: ''&#xD;
&#xD;
2019-08-27 21:50:32 - [MESSAGE][INFO] - Starting 'Firefox' driver&#xD;
&#xD;
2019-08-27 21:50:38 - [MESSAGE][PASSED] - Browser is opened with url: ''&#xD;
&#xD;
2019-08-27 21:50:38 - [TEST_STEP][PASSED] - navigateToUrl(url): Navigate to 'http://call-center-beta.speiyou.net/login' successfully&#xD;
&#xD;
2019-08-27 21:50:41 - [MESSAGE][PASSED] - Navigate to 'http://call-center-beta.speiyou.net/login' successfully&#xD;
&#xD;
2019-08-27 21:50:41 - [TEST_STEP][PASSED] - maximizeWindow(): Current window maximized&#xD;
&#xD;
2019-08-27 21:50:42 - [MESSAGE][PASSED] - Current window maximized&#xD;
&#xD;
2019-08-27 21:50:42 - [TEST_STEP][PASSED] - setText(findTestObject("CallCenter/CreateNewStudent/Page_Login/input__username"), "3018"): Text '3018' is set on object 'Object Repository/CallCenter/CreateNewStudent/Page_Login/input__username'&#xD;
&#xD;
2019-08-27 21:50:42 - [MESSAGE][PASSED] - Text '3018' is set on object 'Object Repository/CallCenter/CreateNewStudent/Page_Login/input__username'&#xD;
&#xD;
2019-08-27 21:50:42 - [TEST_STEP][PASSED] - setEncryptedText(findTestObject("CallCenter/CreateNewStudent/Page_Login/input_password"), "4nvbrPglk7k="): Text ****** has been set on object 'Object Repository/CallCenter/CreateNewStudent/Page_Login/input_password'&#xD;
&#xD;
2019-08-27 21:50:42 - [MESSAGE][PASSED] - Text ****** has been set on object 'Object Repository/CallCenter/CreateNewStudent/Page_Login/input_password'&#xD;
&#xD;
2019-08-27 21:50:42 - [TEST_STEP][PASSED] - click(findTestObject("CallCenter/Page_Login/btn_login")): Object: 'Object Repository/CallCenter/Page_Login/btn_login' is clicked on&#xD;
&#xD;
2019-08-27 21:50:42 - [MESSAGE][PASSED] - Object: 'Object Repository/CallCenter/Page_Login/btn_login' is clicked on&#xD;
&#xD;
2019-08-27 21:50:42 - [TEST_STEP][PASSED] - click(findTestObject("CallCenter/CreateNewStudent/Page_Create_New_Student/select_custmor_dropdown")): Object: 'Object Repository/CallCenter/CreateNewStudent/Page_Create_New_Student/select_custmor_dropdown' is clicked on&#xD;
&#xD;
2019-08-27 21:50:48 - [MESSAGE][PASSED] - Object: 'Object Repository/CallCenter/CreateNewStudent/Page_Create_New_Student/select_custmor_dropdown' is clicked on&#xD;
&#xD;
2019-08-27 21:50:48 - [TEST_STEP][PASSED] - click(findTestObject("CallCenter/CreateNewStudent/Page_Create_New_Student/btn_signup")): Object: 'Object Repository/CallCenter/CreateNewStudent/Page_Create_New_Student/btn_signup' is clicked on&#xD;
&#xD;
2019-08-27 21:50:48 - [MESSAGE][PASSED] - Object: 'Object Repository/CallCenter/CreateNewStudent/Page_Create_New_Student/btn_signup' is clicked on&#xD;
&#xD;
2019-08-27 21:50:48 - [TEST_STEP][PASSED] - click(findTestObject("CallCenter/CreateNewStudent/Page_Create_New_Student/button_addNewStudent")): Object: 'Object Repository/CallCenter/CreateNewStudent/Page_Create_New_Student/button_addNewStudent' is clicked on&#xD;
&#xD;
2019-08-27 21:50:54 - [MESSAGE][PASSED] - Object: 'Object Repository/CallCenter/CreateNewStudent/Page_Create_New_Student/button_addNewStudent' is clicked on&#xD;
&#xD;
2019-08-27 21:50:54 - [TEST_STEP][PASSED] - setText(findTestObject("CallCenter/CreateNewStudent/Page_Create_New_Student/input_studentName"), stuname): Text '郭三一' is set on object 'Object Repository/CallCenter/CreateNewStudent/Page_Create_New_Student/input_studentName'&#xD;
&#xD;
2019-08-27 21:50:54 - [MESSAGE][PASSED] - Text '郭三一' is set on object 'Object Repository/CallCenter/CreateNewStudent/Page_Create_New_Student/input_studentName'&#xD;
&#xD;
2019-08-27 21:50:55 - [TEST_STEP][PASSED] - setText(findTestObject("CallCenter/CreateNewStudent/Page_Create_New_Student/input_birthday"), birthday): Text '2019-07-16' is set on object 'Object Repository/CallCenter/CreateNewStudent/Page_Create_New_Student/input_birthday'&#xD;
&#xD;
2019-08-27 21:50:55 - [MESSAGE][PASSED] - Text '2019-07-16' is set on object 'Object Repository/CallCenter/CreateNewStudent/Page_Create_New_Student/input_birthday'&#xD;
&#xD;
2019-08-27 21:50:55 - [TEST_STEP][PASSED] - userSex(): null&#xD;
&#xD;
2019-08-27 21:50:55 - [TEST_STEP][PASSED] - if (String.valueOf(sex) == "女"): Image: 'C:\Users\kuu\Katalon Studio\call_center\Object Repository\CallCenter\CreateNewStudent\images\female.png' is clicked on&#xD;
&#xD;
2019-08-27 21:50:55 - [TEST_STEP][PASSED] - clickImage(findTestObject("CallCenter/CreateNewStudent/Page_Create_New_Student/raido_girl")): Image: 'C:\Users\kuu\Katalon Studio\call_center\Object Repository\CallCenter\CreateNewStudent\images\female.png' is clicked on&#xD;
&#xD;
2019-08-27 21:50:58 - [MESSAGE][PASSED] - Image: 'C:\Users\kuu\Katalon Studio\call_center\Object Repository\CallCenter\CreateNewStudent\images\female.png' is clicked on&#xD;
&#xD;
2019-08-27 21:50:58 - [TEST_STEP][PASSED] - click(findTestObject("CallCenter/CreateNewStudent/Page_Create_New_Student/select_city_list_1")): Object: 'Object Repository/CallCenter/CreateNewStudent/Page_Create_New_Student/select_city_list_1' is clicked on&#xD;
&#xD;
2019-08-27 21:50:59 - [MESSAGE][PASSED] - Object: 'Object Repository/CallCenter/CreateNewStudent/Page_Create_New_Student/select_city_list_1' is clicked on&#xD;
&#xD;
2019-08-27 21:50:59 - [TEST_STEP][PASSED] - click(findTestObject("CallCenter/CreateNewStudent/Page_Create_New_Student/li_beiijing")): Object: 'Object Repository/CallCenter/CreateNewStudent/Page_Create_New_Student/li_beiijing' is clicked on&#xD;
&#xD;
2019-08-27 21:51:00 - [MESSAGE][PASSED] - Object: 'Object Repository/CallCenter/CreateNewStudent/Page_Create_New_Student/li_beiijing' is clicked on&#xD;
&#xD;
2019-08-27 21:51:00 - [TEST_STEP][PASSED] - click(findTestObject("CallCenter/CreateNewStudent/Page_Create_New_Student/select_city_list_2")): Object: 'Object Repository/CallCenter/CreateNewStudent/Page_Create_New_Student/select_city_list_2' is clicked on&#xD;
&#xD;
2019-08-27 21:51:00 - [MESSAGE][PASSED] - Object: 'Object Repository/CallCenter/CreateNewStudent/Page_Create_New_Student/select_city_list_2' is clicked on&#xD;
&#xD;
2019-08-27 21:51:00 - [TEST_STEP][PASSED] - click(findTestObject("CallCenter/CreateNewStudent/Page_Create_New_Student/li_beijingArea")): Object: 'Object Repository/CallCenter/CreateNewStudent/Page_Create_New_Student/li_beijingArea' is clicked on&#xD;
&#xD;
2019-08-27 21:51:01 - [MESSAGE][PASSED] - Object: 'Object Repository/CallCenter/CreateNewStudent/Page_Create_New_Student/li_beijingArea' is clicked on&#xD;
&#xD;
2019-08-27 21:51:01 - [TEST_STEP][PASSED] - click(findTestObject("CallCenter/CreateNewStudent/Page_Create_New_Student/select_gtade_1")): Object: 'Object Repository/CallCenter/CreateNewStudent/Page_Create_New_Student/select_gtade_1' is clicked on&#xD;
&#xD;
2019-08-27 21:51:01 - [MESSAGE][PASSED] - Object: 'Object Repository/CallCenter/CreateNewStudent/Page_Create_New_Student/select_gtade_1' is clicked on&#xD;
&#xD;
2019-08-27 21:51:01 - [TEST_STEP][PASSED] - click(findTestObject("CallCenter/CreateNewStudent/Page_Create_New_Student/li_xiaoxue")): Object: 'Object Repository/CallCenter/CreateNewStudent/Page_Create_New_Student/li_xiaoxue' is clicked on&#xD;
&#xD;
2019-08-27 21:51:02 - [MESSAGE][PASSED] - Object: 'Object Repository/CallCenter/CreateNewStudent/Page_Create_New_Student/li_xiaoxue' is clicked on&#xD;
&#xD;
2019-08-27 21:51:02 - [TEST_STEP][PASSED] - click(findTestObject("CallCenter/CreateNewStudent/Page_Create_New_Student/select_gtade_2")): Object: 'Object Repository/CallCenter/CreateNewStudent/Page_Create_New_Student/select_gtade_2' is clicked on&#xD;
&#xD;
2019-08-27 21:51:02 - [MESSAGE][PASSED] - Object: 'Object Repository/CallCenter/CreateNewStudent/Page_Create_New_Student/select_gtade_2' is clicked on&#xD;
&#xD;
2019-08-27 21:51:02 - [TEST_STEP][PASSED] - click(findTestObject("CallCenter/CreateNewStudent/Page_Create_New_Student/li_grade3")): Object: 'Object Repository/CallCenter/CreateNewStudent/Page_Create_New_Student/li_grade3' is clicked on&#xD;
&#xD;
2019-08-27 21:51:03 - [MESSAGE][PASSED] - Object: 'Object Repository/CallCenter/CreateNewStudent/Page_Create_New_Student/li_grade3' is clicked on&#xD;
&#xD;
2019-08-27 21:51:03 - [TEST_STEP][PASSED] - setText(findTestObject("CallCenter/CreateNewStudent/Page_Create_New_Student/input_phone"), "136" + utils.seleniumUtil.get8RandomNum()): Text '13617421185' is set on object 'Object Repository/CallCenter/CreateNewStudent/Page_Create_New_Student/input_phone'&#xD;
&#xD;
2019-08-27 21:51:03 - [MESSAGE][PASSED] - utils.seleniumUtil.get8RandomNum is PASSED&#xD;
&#xD;
2019-08-27 21:51:03 - [MESSAGE][PASSED] - Text '13617421185' is set on object 'Object Repository/CallCenter/CreateNewStudent/Page_Create_New_Student/input_phone'&#xD;
&#xD;
2019-08-27 21:51:03 - [TEST_STEP][PASSED] - click(findTestObject("CallCenter/CreateNewStudent/Page_Create_New_Student/select_mother_1")): Object: 'Object Repository/CallCenter/CreateNewStudent/Page_Create_New_Student/select_mother_1' is clicked on&#xD;
&#xD;
2019-08-27 21:51:03 - [MESSAGE][PASSED] - Object: 'Object Repository/CallCenter/CreateNewStudent/Page_Create_New_Student/select_mother_1' is clicked on&#xD;
&#xD;
2019-08-27 21:51:03 - [TEST_STEP][PASSED] - click(findTestObject("CallCenter/CreateNewStudent/Page_Create_New_Student/select_mother_2")): Object: 'Object Repository/CallCenter/CreateNewStudent/Page_Create_New_Student/select_mother_2' is clicked on&#xD;
&#xD;
2019-08-27 21:51:04 - [MESSAGE][PASSED] - Object: 'Object Repository/CallCenter/CreateNewStudent/Page_Create_New_Student/select_mother_2' is clicked on&#xD;
&#xD;
2019-08-27 21:51:04 - [TEST_STEP][PASSED] - click(findTestObject("CallCenter/CreateNewStudent/Page_Create_New_Student/button_safe")): Object: 'Object Repository/CallCenter/CreateNewStudent/Page_Create_New_Student/button_safe' is clicked on&#xD;
&#xD;
2019-08-27 21:51:04 - [MESSAGE][PASSED] - Object: 'Object Repository/CallCenter/CreateNewStudent/Page_Create_New_Student/button_safe' is clicked on&#xD;
&#xD;
2019-08-27 21:51:04 - [TEST_STEP][PASSED] - verifyElementPresent(findTestObject("CallCenter/CreateNewStudent/Page_Create_New_Student/text_create_success"), 2000): Object 'Object Repository/CallCenter/CreateNewStudent/Page_Create_New_Student/text_create_success' is present&#xD;
&#xD;
2019-08-27 21:51:05 - [MESSAGE][PASSED] - Object 'Object Repository/CallCenter/CreateNewStudent/Page_Create_New_Student/text_create_success' is present&#xD;
&#xD;
2019-08-27 21:51:05 - [TEST_STEP][PASSED] - verifyCheckpoint(findCheckpoint("Checkpoints/Checkpoint"), false): Checkpoint data and Source data are matched&#xD;
&#xD;
2019-08-27 21:51:05 - [MESSAGE][PASSED] - Checkpoint data and Source data are matched&#xD;
&#xD;
2019-08-27 21:51:05 - [TEST_STEP][PASSED] - switchToDefaultContent(): null&#xD;
&#xD;
2019-08-27 21:51:05 - [TEST_STEP][PASSED] - closeBrowser(): Browser is closed&#xD;
&#xD;
2019-08-27 21:51:07 - [MESSAGE][PASSED] - Browser is closed</system-out>
            <system-err></system-err>
        </testcase>
        <system-out>2019-08-27 21:49:37 - [TEST_SUITE][INCOMPLETE] - call_center: null</system-out>
        <system-err>2019-08-27 21:49:37 - [TEST_SUITE][INCOMPLETE] - call_center: null</system-err>
    </testsuite>
</testsuites>
