<?xml version="1.0" encoding="UTF-8" standalone="yes"?>
<testsuites name="call_center" time="70" tests="1" failures="2" errors="0">
    <testsuite name="call_center" tests="1" failures="2" errors="0" time="70" timestamp="2019-08-27 21:49:37" hostname="kuu - LAPTOP-1HTL2ESM" id="Test Suites/call_center">
        <properties>
            <property name="deviceName" value=""/>
            <property name="devicePlatform" value=""/>
            <property name="logFolder" value="C:\\Users\\kuu\\Katalon Studio\\call_center\\Reports\\call_center\\20190827_214930"/>
            <property name="logFiles" value="C:\\Users\\kuu\\Katalon Studio\\call_center\\Reports\\call_center\\20190827_214930\\execution0.log"/>
            <property name="attachments" value="C:\\Users\\kuu\\Katalon Studio\\call_center\\Reports\\call_center\\20190827_214930\\1566967789729.png, C:\\Users\\kuu\\Katalon Studio\\call_center\\Reports\\call_center\\20190827_214930\\1566967847308.png"/>
            <property name="hostName" value="kuu - LAPTOP-1HTL2ESM"/>
            <property name="os" value="Windows 10 64bit"/>
            <property name="katalonVersion" value="6.2.2.4"/>
            <property name="browser" value="Chrome 75.0.3770.142"/>
            <property name="hostAddress" value="172.16.12.55"/>
            <property name="sessionId" value="ef05af3ffffeb16ef4a7f5cfb394d5b6"/>
            <property name="seleniumVersion" value="3.141.59"/>
            <property name="proxyInformation" value="ProxyInformation{proxyOption=NO_PROXY, proxyServerType=HTTP, password=, proxyServerAddress=, proxyServerPort=0}"/>
            <property name="platform" value="Windows 10"/>
        </properties>
        <testcase name="Test Cases/Call_Center/Login" classname="Test Cases/Call_Center/Login" status="FAILED">
            <failure type="FAILED" message="Test Cases/Call_Center/Login FAILED.&#xA;Reason:&#xA;com.kms.katalon.core.exception.StepFailedException: Unable to set encrypted text for object 'Object Repository/CallCenter/CreateNewStudent/Page_Login/input_password'&#xD;&#xA;&#x9;at com.kms.katalon.core.webui.keyword.internal.WebUIKeywordMain.stepFailed(WebUIKeywordMain.groovy:64)&#xD;&#xA;&#x9;at com.kms.katalon.core.webui.keyword.internal.WebUIKeywordMain.runKeyword(WebUIKeywordMain.groovy:26)&#xD;&#xA;&#x9;at com.kms.katalon.core.webui.keyword.builtin.SetEncryptedTextKeyword.setEncryptedText(SetEncryptedTextKeyword.groovy:65)&#xD;&#xA;&#x9;at com.kms.katalon.core.webui.keyword.builtin.SetEncryptedTextKeyword.execute(SetEncryptedTextKeyword.groovy:34)&#xD;&#xA;&#x9;at com.kms.katalon.core.keyword.internal.KeywordExecutor.executeKeywordForPlatform(KeywordExecutor.groovy:56)&#xD;&#xA;&#x9;at com.kms.katalon.core.webui.keyword.WebUiBuiltInKeywords.setEncryptedText(WebUiBuiltInKeywords.groovy:981)&#xD;&#xA;&#x9;at com.kms.katalon.core.webui.keyword.WebUiBuiltInKeywords$setEncryptedText$2.call(Unknown Source)&#xD;&#xA;&#x9;at Login.run(Login:22)&#xD;&#xA;&#x9;at com.kms.katalon.core.main.ScriptEngine.run(ScriptEngine.java:194)&#xD;&#xA;&#x9;at com.kms.katalon.core.main.ScriptEngine.runScriptAsRawText(ScriptEngine.java:119)&#xD;&#xA;&#x9;at com.kms.katalon.core.main.TestCaseExecutor.runScript(TestCaseExecutor.java:337)&#xD;&#xA;&#x9;at com.kms.katalon.core.main.TestCaseExecutor.doExecute(TestCaseExecutor.java:328)&#xD;&#xA;&#x9;at com.kms.katalon.core.main.TestCaseExecutor.processExecutionPhase(TestCaseExecutor.java:307)&#xD;&#xA;&#x9;at com.kms.katalon.core.main.TestCaseExecutor.accessMainPhase(TestCaseExecutor.java:299)&#xD;&#xA;&#x9;at com.kms.katalon.core.main.TestCaseExecutor.execute(TestCaseExecutor.java:233)&#xD;&#xA;&#x9;at com.kms.katalon.core.main.TestSuiteExecutor.accessTestCaseMainPhase(TestSuiteExecutor.java:133)&#xD;&#xA;&#x9;at com.kms.katalon.core.main.TestSuiteExecutor.accessTestSuiteMainPhase(TestSuiteExecutor.java:116)&#xD;&#xA;&#x9;at com.kms.katalon.core.main.TestSuiteExecutor.execute(TestSuiteExecutor.java:83)&#xD;&#xA;&#x9;at com.kms.katalon.core.main.TestCaseMain.startTestSuite(TestCaseMain.java:157)&#xD;&#xA;&#x9;at com.kms.katalon.core.main.TestCaseMain$startTestSuite$0.call(Unknown Source)&#xD;&#xA;&#x9;at TempTestSuite1566967770160.run(TempTestSuite1566967770160.groovy:35)&#xD;&#xA;Caused by: javax.crypto.IllegalBlockSizeException: Input length must be multiple of 8 when decrypting with padded cipher&#xD;&#xA;&#x9;at com.sun.crypto.provider.CipherCore.doFinal(CipherCore.java:936)&#xD;&#xA;&#x9;at com.sun.crypto.provider.CipherCore.doFinal(CipherCore.java:847)&#xD;&#xA;&#x9;at com.sun.crypto.provider.PKCS12PBECipherCore.implDoFinal(PKCS12PBECipherCore.java:399)&#xD;&#xA;&#x9;at com.sun.crypto.provider.PKCS12PBECipherCore$PBEWithSHA1AndDESede.engineDoFinal(PKCS12PBECipherCore.java:431)&#xD;&#xA;&#x9;at com.kms.katalon.util.CryptoUtil.decode(CryptoUtil.java:86)&#xD;&#xA;&#x9;at com.kms.katalon.core.webui.keyword.builtin.SetEncryptedTextKeyword$_setEncryptedText_closure1.doCall(SetEncryptedTextKeyword.groovy:48)&#xD;&#xA;&#x9;at com.kms.katalon.core.webui.keyword.builtin.SetEncryptedTextKeyword$_setEncryptedText_closure1.call(SetEncryptedTextKeyword.groovy)&#xD;&#xA;&#x9;at com.kms.katalon.core.webui.keyword.internal.WebUIKeywordMain.runKeyword(WebUIKeywordMain.groovy:20)&#xD;&#xA;&#x9;... 19 more&#xD;&#xA;"/>
            <system-out>2019-08-27 21:49:39 - [TEST_CASE][FAILED] - Test Cases/Call_Center/Login: Test Cases/Call_Center/Login FAILED.
Reason:
com.kms.katalon.core.exception.StepFailedException: Unable to set encrypted text for object 'Object Repository/CallCenter/CreateNewStudent/Page_Login/input_password'&#xD;
	at com.kms.katalon.core.webui.keyword.internal.WebUIKeywordMain.stepFailed(WebUIKeywordMain.groovy:64)&#xD;
	at com.kms.katalon.core.webui.keyword.internal.WebUIKeywordMain.runKeyword(WebUIKeywordMain.groovy:26)&#xD;
	at com.kms.katalon.core.webui.keyword.builtin.SetEncryptedTextKeyword.setEncryptedText(SetEncryptedTextKeyword.groovy:65)&#xD;
	at com.kms.katalon.core.webui.keyword.builtin.SetEncryptedTextKeyword.execute(SetEncryptedTextKeyword.groovy:34)&#xD;
	at com.kms.katalon.core.keyword.internal.KeywordExecutor.executeKeywordForPlatform(KeywordExecutor.groovy:56)&#xD;
	at com.kms.katalon.core.webui.keyword.WebUiBuiltInKeywords.setEncryptedText(WebUiBuiltInKeywords.groovy:981)&#xD;
	at com.kms.katalon.core.webui.keyword.WebUiBuiltInKeywords$setEncryptedText$2.call(Unknown Source)&#xD;
	at Login.run(Login:22)&#xD;
	at com.kms.katalon.core.main.ScriptEngine.run(ScriptEngine.java:194)&#xD;
	at com.kms.katalon.core.main.ScriptEngine.runScriptAsRawText(ScriptEngine.java:119)&#xD;
	at com.kms.katalon.core.main.TestCaseExecutor.runScript(TestCaseExecutor.java:337)&#xD;
	at com.kms.katalon.core.main.TestCaseExecutor.doExecute(TestCaseExecutor.java:328)&#xD;
	at com.kms.katalon.core.main.TestCaseExecutor.processExecutionPhase(TestCaseExecutor.java:307)&#xD;
	at com.kms.katalon.core.main.TestCaseExecutor.accessMainPhase(TestCaseExecutor.java:299)&#xD;
	at com.kms.katalon.core.main.TestCaseExecutor.execute(TestCaseExecutor.java:233)&#xD;
	at com.kms.katalon.core.main.TestSuiteExecutor.accessTestCaseMainPhase(TestSuiteExecutor.java:133)&#xD;
	at com.kms.katalon.core.main.TestSuiteExecutor.accessTestSuiteMainPhase(TestSuiteExecutor.java:116)&#xD;
	at com.kms.katalon.core.main.TestSuiteExecutor.execute(TestSuiteExecutor.java:83)&#xD;
	at com.kms.katalon.core.main.TestCaseMain.startTestSuite(TestCaseMain.java:157)&#xD;
	at com.kms.katalon.core.main.TestCaseMain$startTestSuite$0.call(Unknown Source)&#xD;
	at TempTestSuite1566967770160.run(TempTestSuite1566967770160.groovy:35)&#xD;
Caused by: javax.crypto.IllegalBlockSizeException: Input length must be multiple of 8 when decrypting with padded cipher&#xD;
	at com.sun.crypto.provider.CipherCore.doFinal(CipherCore.java:936)&#xD;
	at com.sun.crypto.provider.CipherCore.doFinal(CipherCore.java:847)&#xD;
	at com.sun.crypto.provider.PKCS12PBECipherCore.implDoFinal(PKCS12PBECipherCore.java:399)&#xD;
	at com.sun.crypto.provider.PKCS12PBECipherCore$PBEWithSHA1AndDESede.engineDoFinal(PKCS12PBECipherCore.java:431)&#xD;
	at com.kms.katalon.util.CryptoUtil.decode(CryptoUtil.java:86)&#xD;
	at com.kms.katalon.core.webui.keyword.builtin.SetEncryptedTextKeyword$_setEncryptedText_closure1.doCall(SetEncryptedTextKeyword.groovy:48)&#xD;
	at com.kms.katalon.core.webui.keyword.builtin.SetEncryptedTextKeyword$_setEncryptedText_closure1.call(SetEncryptedTextKeyword.groovy)&#xD;
	at com.kms.katalon.core.webui.keyword.internal.WebUIKeywordMain.runKeyword(WebUIKeywordMain.groovy:20)&#xD;
	... 19 more&#xD;
&#xD;
&#xD;
2019-08-27 21:49:39 - [TEST_STEP][PASSED] - Start listener action : sampleBeforeTestCase: null&#xD;
&#xD;
2019-08-27 21:49:39 - [TEST_STEP][PASSED] - println(testCaseContext.getTestCaseId()): null&#xD;
&#xD;
2019-08-27 21:49:39 - [TEST_STEP][PASSED] - println(testCaseContext.getTestCaseVariables()): null&#xD;
&#xD;
2019-08-27 21:49:39 - [TEST_STEP][PASSED] - if (environment == "test"): null&#xD;
&#xD;
2019-08-27 21:49:39 - [TEST_STEP][PASSED] - url = "http://call-center-beta.speiyou.net/login": null&#xD;
&#xD;
2019-08-27 21:49:40 - [TEST_STEP][PASSED] - openBrowser(""): Browser is opened with url: ''&#xD;
&#xD;
2019-08-27 21:49:41 - [MESSAGE][INFO] - Starting 'Chrome' driver&#xD;
&#xD;
2019-08-27 21:49:41 - [MESSAGE][INFO] - Action delay is set to 0 seconds&#xD;
&#xD;
2019-08-27 21:49:47 - [MESSAGE][PASSED] - Browser is opened with url: ''&#xD;
&#xD;
2019-08-27 21:49:47 - [TEST_STEP][PASSED] - navigateToUrl("http://call-center-beta.speiyou.net/login"): Navigate to 'http://call-center-beta.speiyou.net/login' successfully&#xD;
&#xD;
2019-08-27 21:49:48 - [MESSAGE][PASSED] - Navigate to 'http://call-center-beta.speiyou.net/login' successfully&#xD;
&#xD;
2019-08-27 21:49:48 - [TEST_STEP][PASSED] - setText(findTestObject("Object Repository/CallCenter/CreateNewStudent/Page_Login/input__username"), username): Text '3018' is set on object 'Object Repository/CallCenter/CreateNewStudent/Page_Login/input__username'&#xD;
&#xD;
2019-08-27 21:49:49 - [MESSAGE][PASSED] - Text '3018' is set on object 'Object Repository/CallCenter/CreateNewStudent/Page_Login/input__username'&#xD;
&#xD;
2019-08-27 21:49:49 - [TEST_STEP][FAILED] - setEncryptedText(findTestObject("Object Repository/CallCenter/CreateNewStudent/Page_Login/input_password"), password): Unable to set encrypted text for object 'Object Repository/CallCenter/CreateNewStudent/Page_Login/input_password' (Root cause: com.kms.katalon.core.exception.StepFailedException: Unable to set encrypted text for object 'Object Repository/CallCenter/CreateNewStudent/Page_Login/input_password'&#xD;
	at com.kms.katalon.core.webui.keyword.internal.WebUIKeywordMain.stepFailed(WebUIKeywordMain.groovy:64)&#xD;
	at com.kms.katalon.core.webui.keyword.internal.WebUIKeywordMain.runKeyword(WebUIKeywordMain.groovy:26)&#xD;
	at com.kms.katalon.core.webui.keyword.builtin.SetEncryptedTextKeyword.setEncryptedText(SetEncryptedTextKeyword.groovy:65)&#xD;
	at com.kms.katalon.core.webui.keyword.builtin.SetEncryptedTextKeyword.execute(SetEncryptedTextKeyword.groovy:34)&#xD;
	at com.kms.katalon.core.keyword.internal.KeywordExecutor.executeKeywordForPlatform(KeywordExecutor.groovy:56)&#xD;
	at com.kms.katalon.core.webui.keyword.WebUiBuiltInKeywords.setEncryptedText(WebUiBuiltInKeywords.groovy:981)&#xD;
	at com.kms.katalon.core.webui.keyword.WebUiBuiltInKeywords$setEncryptedText$2.call(Unknown Source)&#xD;
	at Login.run(Login:22)&#xD;
	at com.kms.katalon.core.main.ScriptEngine.run(ScriptEngine.java:194)&#xD;
	at com.kms.katalon.core.main.ScriptEngine.runScriptAsRawText(ScriptEngine.java:119)&#xD;
	at com.kms.katalon.core.main.TestCaseExecutor.runScript(TestCaseExecutor.java:337)&#xD;
	at com.kms.katalon.core.main.TestCaseExecutor.doExecute(TestCaseExecutor.java:328)&#xD;
	at com.kms.katalon.core.main.TestCaseExecutor.processExecutionPhase(TestCaseExecutor.java:307)&#xD;
	at com.kms.katalon.core.main.TestCaseExecutor.accessMainPhase(TestCaseExecutor.java:299)&#xD;
	at com.kms.katalon.core.main.TestCaseExecutor.execute(TestCaseExecutor.java:233)&#xD;
	at com.kms.katalon.core.main.TestSuiteExecutor.accessTestCaseMainPhase(TestSuiteExecutor.java:133)&#xD;
	at com.kms.katalon.core.main.TestSuiteExecutor.accessTestSuiteMainPhase(TestSuiteExecutor.java:116)&#xD;
	at com.kms.katalon.core.main.TestSuiteExecutor.execute(TestSuiteExecutor.java:83)&#xD;
	at com.kms.katalon.core.main.TestCaseMain.startTestSuite(TestCaseMain.java:157)&#xD;
	at com.kms.katalon.core.main.TestCaseMain$startTestSuite$0.call(Unknown Source)&#xD;
	at TempTestSuite1566967770160.run(TempTestSuite1566967770160.groovy:35)&#xD;
Caused by: javax.crypto.IllegalBlockSizeException: Input length must be multiple of 8 when decrypting with padded cipher&#xD;
	at com.sun.crypto.provider.CipherCore.doFinal(CipherCore.java:936)&#xD;
	at com.sun.crypto.provider.CipherCore.doFinal(CipherCore.java:847)&#xD;
	at com.sun.crypto.provider.PKCS12PBECipherCore.implDoFinal(PKCS12PBECipherCore.java:399)&#xD;
	at com.sun.crypto.provider.PKCS12PBECipherCore$PBEWithSHA1AndDESede.engineDoFinal(PKCS12PBECipherCore.java:431)&#xD;
	at com.kms.katalon.util.CryptoUtil.decode(CryptoUtil.java:86)&#xD;
	at com.kms.katalon.core.webui.keyword.builtin.SetEncryptedTextKeyword$_setEncryptedText_closure1.doCall(SetEncryptedTextKeyword.groovy:48)&#xD;
	at com.kms.katalon.core.webui.keyword.builtin.SetEncryptedTextKeyword$_setEncryptedText_closure1.call(SetEncryptedTextKeyword.groovy)&#xD;
	at com.kms.katalon.core.webui.keyword.internal.WebUIKeywordMain.runKeyword(WebUIKeywordMain.groovy:20)&#xD;
	at com.kms.katalon.core.webui.keyword.builtin.SetEncryptedTextKeyword.setEncryptedText(SetEncryptedTextKeyword.groovy:65)&#xD;
	at com.kms.katalon.core.webui.keyword.builtin.SetEncryptedTextKeyword.execute(SetEncryptedTextKeyword.groovy:34)&#xD;
	at com.kms.katalon.core.keyword.internal.KeywordExecutor.executeKeywordForPlatform(KeywordExecutor.groovy:56)&#xD;
	at com.kms.katalon.core.webui.keyword.WebUiBuiltInKeywords.setEncryptedText(WebUiBuiltInKeywords.groovy:981)&#xD;
	at com.kms.katalon.core.webui.keyword.WebUiBuiltInKeywords$setEncryptedText$2.call(Unknown Source)&#xD;
	at Script1565488085904.run(Script1565488085904.groovy:22)&#xD;
	... 13 more&#xD;
)&#xD;
&#xD;
2019-08-27 21:49:50 - [MESSAGE][FAILED] - Unable to set encrypted text for object 'Object Repository/CallCenter/CreateNewStudent/Page_Login/input_password' (Root cause: com.kms.katalon.core.exception.StepFailedException: Unable to set encrypted text for object 'Object Repository/CallCenter/CreateNewStudent/Page_Login/input_password'&#xD;
	at com.kms.katalon.core.webui.keyword.internal.WebUIKeywordMain.stepFailed(WebUIKeywordMain.groovy:64)&#xD;
	at com.kms.katalon.core.webui.keyword.internal.WebUIKeywordMain.runKeyword(WebUIKeywordMain.groovy:26)&#xD;
	at com.kms.katalon.core.webui.keyword.builtin.SetEncryptedTextKeyword.setEncryptedText(SetEncryptedTextKeyword.groovy:65)&#xD;
	at com.kms.katalon.core.webui.keyword.builtin.SetEncryptedTextKeyword.execute(SetEncryptedTextKeyword.groovy:34)&#xD;
	at com.kms.katalon.core.keyword.internal.KeywordExecutor.executeKeywordForPlatform(KeywordExecutor.groovy:56)&#xD;
	at com.kms.katalon.core.webui.keyword.WebUiBuiltInKeywords.setEncryptedText(WebUiBuiltInKeywords.groovy:981)&#xD;
	at com.kms.katalon.core.webui.keyword.WebUiBuiltInKeywords$setEncryptedText$2.call(Unknown Source)&#xD;
	at Login.run(Login:22)&#xD;
	at com.kms.katalon.core.main.ScriptEngine.run(ScriptEngine.java:194)&#xD;
	at com.kms.katalon.core.main.ScriptEngine.runScriptAsRawText(ScriptEngine.java:119)&#xD;
	at com.kms.katalon.core.main.TestCaseExecutor.runScript(TestCaseExecutor.java:337)&#xD;
	at com.kms.katalon.core.main.TestCaseExecutor.doExecute(TestCaseExecutor.java:328)&#xD;
	at com.kms.katalon.core.main.TestCaseExecutor.processExecutionPhase(TestCaseExecutor.java:307)&#xD;
	at com.kms.katalon.core.main.TestCaseExecutor.accessMainPhase(TestCaseExecutor.java:299)&#xD;
	at com.kms.katalon.core.main.TestCaseExecutor.execute(TestCaseExecutor.java:233)&#xD;
	at com.kms.katalon.core.main.TestSuiteExecutor.accessTestCaseMainPhase(TestSuiteExecutor.java:133)&#xD;
	at com.kms.katalon.core.main.TestSuiteExecutor.accessTestSuiteMainPhase(TestSuiteExecutor.java:116)&#xD;
	at com.kms.katalon.core.main.TestSuiteExecutor.execute(TestSuiteExecutor.java:83)&#xD;
	at com.kms.katalon.core.main.TestCaseMain.startTestSuite(TestCaseMain.java:157)&#xD;
	at com.kms.katalon.core.main.TestCaseMain$startTestSuite$0.call(Unknown Source)&#xD;
	at TempTestSuite1566967770160.run(TempTestSuite1566967770160.groovy:35)&#xD;
Caused by: javax.crypto.IllegalBlockSizeException: Input length must be multiple of 8 when decrypting with padded cipher&#xD;
	at com.sun.crypto.provider.CipherCore.doFinal(CipherCore.java:936)&#xD;
	at com.sun.crypto.provider.CipherCore.doFinal(CipherCore.java:847)&#xD;
	at com.sun.crypto.provider.PKCS12PBECipherCore.implDoFinal(PKCS12PBECipherCore.java:399)&#xD;
	at com.sun.crypto.provider.PKCS12PBECipherCore$PBEWithSHA1AndDESede.engineDoFinal(PKCS12PBECipherCore.java:431)&#xD;
	at com.kms.katalon.util.CryptoUtil.decode(CryptoUtil.java:86)&#xD;
	at com.kms.katalon.core.webui.keyword.builtin.SetEncryptedTextKeyword$_setEncryptedText_closure1.doCall(SetEncryptedTextKeyword.groovy:48)&#xD;
	at com.kms.katalon.core.webui.keyword.builtin.SetEncryptedTextKeyword$_setEncryptedText_closure1.call(SetEncryptedTextKeyword.groovy)&#xD;
	at com.kms.katalon.core.webui.keyword.internal.WebUIKeywordMain.runKeyword(WebUIKeywordMain.groovy:20)&#xD;
	at com.kms.katalon.core.webui.keyword.builtin.SetEncryptedTextKeyword.setEncryptedText(SetEncryptedTextKeyword.groovy:65)&#xD;
	at com.kms.katalon.core.webui.keyword.builtin.SetEncryptedTextKeyword.execute(SetEncryptedTextKeyword.groovy:34)&#xD;
	at com.kms.katalon.core.keyword.internal.KeywordExecutor.executeKeywordForPlatform(KeywordExecutor.groovy:56)&#xD;
	at com.kms.katalon.core.webui.keyword.WebUiBuiltInKeywords.setEncryptedText(WebUiBuiltInKeywords.groovy:981)&#xD;
	at com.kms.katalon.core.webui.keyword.WebUiBuiltInKeywords$setEncryptedText$2.call(Unknown Source)&#xD;
	at Script1565488085904.run(Script1565488085904.groovy:22)&#xD;
	... 13 more&#xD;
)&#xD;
[[ATTACHMENT|C:\\Users\\kuu\\Katalon Studio\\call_center\\Reports\\call_center\\20190827_214930\\1566967789729.png]]</system-out>
            <system-err>2019-08-27 21:49:39 - [TEST_CASE][FAILED] - Test Cases/Call_Center/Login: Test Cases/Call_Center/Login FAILED.
Reason:
com.kms.katalon.core.exception.StepFailedException: Unable to set encrypted text for object 'Object Repository/CallCenter/CreateNewStudent/Page_Login/input_password'&#xD;
	at com.kms.katalon.core.webui.keyword.internal.WebUIKeywordMain.stepFailed(WebUIKeywordMain.groovy:64)&#xD;
	at com.kms.katalon.core.webui.keyword.internal.WebUIKeywordMain.runKeyword(WebUIKeywordMain.groovy:26)&#xD;
	at com.kms.katalon.core.webui.keyword.builtin.SetEncryptedTextKeyword.setEncryptedText(SetEncryptedTextKeyword.groovy:65)&#xD;
	at com.kms.katalon.core.webui.keyword.builtin.SetEncryptedTextKeyword.execute(SetEncryptedTextKeyword.groovy:34)&#xD;
	at com.kms.katalon.core.keyword.internal.KeywordExecutor.executeKeywordForPlatform(KeywordExecutor.groovy:56)&#xD;
	at com.kms.katalon.core.webui.keyword.WebUiBuiltInKeywords.setEncryptedText(WebUiBuiltInKeywords.groovy:981)&#xD;
	at com.kms.katalon.core.webui.keyword.WebUiBuiltInKeywords$setEncryptedText$2.call(Unknown Source)&#xD;
	at Login.run(Login:22)&#xD;
	at com.kms.katalon.core.main.ScriptEngine.run(ScriptEngine.java:194)&#xD;
	at com.kms.katalon.core.main.ScriptEngine.runScriptAsRawText(ScriptEngine.java:119)&#xD;
	at com.kms.katalon.core.main.TestCaseExecutor.runScript(TestCaseExecutor.java:337)&#xD;
	at com.kms.katalon.core.main.TestCaseExecutor.doExecute(TestCaseExecutor.java:328)&#xD;
	at com.kms.katalon.core.main.TestCaseExecutor.processExecutionPhase(TestCaseExecutor.java:307)&#xD;
	at com.kms.katalon.core.main.TestCaseExecutor.accessMainPhase(TestCaseExecutor.java:299)&#xD;
	at com.kms.katalon.core.main.TestCaseExecutor.execute(TestCaseExecutor.java:233)&#xD;
	at com.kms.katalon.core.main.TestSuiteExecutor.accessTestCaseMainPhase(TestSuiteExecutor.java:133)&#xD;
	at com.kms.katalon.core.main.TestSuiteExecutor.accessTestSuiteMainPhase(TestSuiteExecutor.java:116)&#xD;
	at com.kms.katalon.core.main.TestSuiteExecutor.execute(TestSuiteExecutor.java:83)&#xD;
	at com.kms.katalon.core.main.TestCaseMain.startTestSuite(TestCaseMain.java:157)&#xD;
	at com.kms.katalon.core.main.TestCaseMain$startTestSuite$0.call(Unknown Source)&#xD;
	at TempTestSuite1566967770160.run(TempTestSuite1566967770160.groovy:35)&#xD;
Caused by: javax.crypto.IllegalBlockSizeException: Input length must be multiple of 8 when decrypting with padded cipher&#xD;
	at com.sun.crypto.provider.CipherCore.doFinal(CipherCore.java:936)&#xD;
	at com.sun.crypto.provider.CipherCore.doFinal(CipherCore.java:847)&#xD;
	at com.sun.crypto.provider.PKCS12PBECipherCore.implDoFinal(PKCS12PBECipherCore.java:399)&#xD;
	at com.sun.crypto.provider.PKCS12PBECipherCore$PBEWithSHA1AndDESede.engineDoFinal(PKCS12PBECipherCore.java:431)&#xD;
	at com.kms.katalon.util.CryptoUtil.decode(CryptoUtil.java:86)&#xD;
	at com.kms.katalon.core.webui.keyword.builtin.SetEncryptedTextKeyword$_setEncryptedText_closure1.doCall(SetEncryptedTextKeyword.groovy:48)&#xD;
	at com.kms.katalon.core.webui.keyword.builtin.SetEncryptedTextKeyword$_setEncryptedText_closure1.call(SetEncryptedTextKeyword.groovy)&#xD;
	at com.kms.katalon.core.webui.keyword.internal.WebUIKeywordMain.runKeyword(WebUIKeywordMain.groovy:20)&#xD;
	... 19 more</system-err>
        </testcase>
        <testcase name="Test Cases/Call_Center/Create_New_Student" classname="Test Cases/Call_Center/Create_New_Student" status="PASSED">
            <system-out>2019-08-27 21:49:50 - [TEST_CASE][PASSED] - Test Cases/Call_Center/Create_New_Student: Test Cases/Call_Center/Create_New_Student&#xD;
&#xD;
2019-08-27 21:49:50 - [TEST_STEP][PASSED] - Start listener action : sampleBeforeTestCase: null&#xD;
&#xD;
2019-08-27 21:49:50 - [TEST_STEP][PASSED] - println(testCaseContext.getTestCaseId()): null&#xD;
&#xD;
2019-08-27 21:49:50 - [TEST_STEP][PASSED] - println(testCaseContext.getTestCaseVariables()): null&#xD;
&#xD;
2019-08-27 21:49:50 - [TEST_STEP][PASSED] - if (environment == "test"): null&#xD;
&#xD;
2019-08-27 21:49:50 - [TEST_STEP][PASSED] - url = "http://call-center-beta.speiyou.net/login": null&#xD;
&#xD;
2019-08-27 21:49:51 - [TEST_STEP][PASSED] - openBrowser(""): Browser is opened with url: ''&#xD;
&#xD;
2019-08-27 21:49:51 - [MESSAGE][WARNING] - A browser is already opened. Closing browser and opening a new one&#xD;
&#xD;
2019-08-27 21:49:53 - [MESSAGE][INFO] - Starting 'Chrome' driver&#xD;
&#xD;
2019-08-27 21:49:57 - [MESSAGE][PASSED] - Browser is opened with url: ''&#xD;
&#xD;
2019-08-27 21:49:57 - [TEST_STEP][PASSED] - navigateToUrl(url): Navigate to 'http://call-center-beta.speiyou.net/login' successfully&#xD;
&#xD;
2019-08-27 21:50:00 - [MESSAGE][PASSED] - Navigate to 'http://call-center-beta.speiyou.net/login' successfully&#xD;
&#xD;
2019-08-27 21:50:00 - [TEST_STEP][PASSED] - maximizeWindow(): Current window maximized&#xD;
&#xD;
2019-08-27 21:50:01 - [MESSAGE][PASSED] - Current window maximized&#xD;
&#xD;
2019-08-27 21:50:01 - [TEST_STEP][PASSED] - setText(findTestObject("CallCenter/CreateNewStudent/Page_Login/input__username"), "3018"): Text '3018' is set on object 'Object Repository/CallCenter/CreateNewStudent/Page_Login/input__username'&#xD;
&#xD;
2019-08-27 21:50:02 - [MESSAGE][PASSED] - Text '3018' is set on object 'Object Repository/CallCenter/CreateNewStudent/Page_Login/input__username'&#xD;
&#xD;
2019-08-27 21:50:02 - [TEST_STEP][PASSED] - setEncryptedText(findTestObject("CallCenter/CreateNewStudent/Page_Login/input_password"), "4nvbrPglk7k="): Text ****** has been set on object 'Object Repository/CallCenter/CreateNewStudent/Page_Login/input_password'&#xD;
&#xD;
2019-08-27 21:50:02 - [MESSAGE][PASSED] - Text ****** has been set on object 'Object Repository/CallCenter/CreateNewStudent/Page_Login/input_password'&#xD;
&#xD;
2019-08-27 21:50:02 - [TEST_STEP][PASSED] - click(findTestObject("CallCenter/Page_Login/btn_login")): Object: 'Object Repository/CallCenter/Page_Login/btn_login' is clicked on&#xD;
&#xD;
2019-08-27 21:50:03 - [MESSAGE][PASSED] - Object: 'Object Repository/CallCenter/Page_Login/btn_login' is clicked on&#xD;
&#xD;
2019-08-27 21:50:03 - [TEST_STEP][PASSED] - click(findTestObject("CallCenter/CreateNewStudent/Page_Create_New_Student/select_custmor_dropdown")): Object: 'Object Repository/CallCenter/CreateNewStudent/Page_Create_New_Student/select_custmor_dropdown' is clicked on&#xD;
&#xD;
2019-08-27 21:50:06 - [MESSAGE][PASSED] - Object: 'Object Repository/CallCenter/CreateNewStudent/Page_Create_New_Student/select_custmor_dropdown' is clicked on&#xD;
&#xD;
2019-08-27 21:50:06 - [TEST_STEP][PASSED] - click(findTestObject("CallCenter/CreateNewStudent/Page_Create_New_Student/btn_signup")): Object: 'Object Repository/CallCenter/CreateNewStudent/Page_Create_New_Student/btn_signup' is clicked on&#xD;
&#xD;
2019-08-27 21:50:10 - [MESSAGE][PASSED] - Object: 'Object Repository/CallCenter/CreateNewStudent/Page_Create_New_Student/btn_signup' is clicked on&#xD;
&#xD;
2019-08-27 21:50:10 - [TEST_STEP][PASSED] - click(findTestObject("CallCenter/CreateNewStudent/Page_Create_New_Student/button_addNewStudent")): Object: 'Object Repository/CallCenter/CreateNewStudent/Page_Create_New_Student/button_addNewStudent' is clicked on&#xD;
&#xD;
2019-08-27 21:50:11 - [MESSAGE][PASSED] - Object: 'Object Repository/CallCenter/CreateNewStudent/Page_Create_New_Student/button_addNewStudent' is clicked on&#xD;
&#xD;
2019-08-27 21:50:11 - [TEST_STEP][PASSED] - setText(findTestObject("CallCenter/CreateNewStudent/Page_Create_New_Student/input_studentName"), stuname): Text '郭一' is set on object 'Object Repository/CallCenter/CreateNewStudent/Page_Create_New_Student/input_studentName'&#xD;
&#xD;
2019-08-27 21:50:12 - [MESSAGE][PASSED] - Text '郭一' is set on object 'Object Repository/CallCenter/CreateNewStudent/Page_Create_New_Student/input_studentName'&#xD;
&#xD;
2019-08-27 21:50:12 - [TEST_STEP][PASSED] - setText(findTestObject("CallCenter/CreateNewStudent/Page_Create_New_Student/input_birthday"), birthday): Text '2019-07-13' is set on object 'Object Repository/CallCenter/CreateNewStudent/Page_Create_New_Student/input_birthday'&#xD;
&#xD;
2019-08-27 21:50:13 - [MESSAGE][PASSED] - Text '2019-07-13' is set on object 'Object Repository/CallCenter/CreateNewStudent/Page_Create_New_Student/input_birthday'&#xD;
&#xD;
2019-08-27 21:50:13 - [TEST_STEP][PASSED] - userSex(): null&#xD;
&#xD;
2019-08-27 21:50:13 - [TEST_STEP][PASSED] - if (String.valueOf(sex) == "女"): null&#xD;
&#xD;
2019-08-27 21:50:13 - [TEST_STEP][PASSED] - click(findTestObject("CallCenter/CreateNewStudent/Page_Create_New_Student/select_city_list_1")): Object: 'Object Repository/CallCenter/CreateNewStudent/Page_Create_New_Student/select_city_list_1' is clicked on&#xD;
&#xD;
2019-08-27 21:50:14 - [MESSAGE][PASSED] - Object: 'Object Repository/CallCenter/CreateNewStudent/Page_Create_New_Student/select_city_list_1' is clicked on&#xD;
&#xD;
2019-08-27 21:50:14 - [TEST_STEP][PASSED] - click(findTestObject("CallCenter/CreateNewStudent/Page_Create_New_Student/li_beiijing")): Object: 'Object Repository/CallCenter/CreateNewStudent/Page_Create_New_Student/li_beiijing' is clicked on&#xD;
&#xD;
2019-08-27 21:50:15 - [MESSAGE][PASSED] - Object: 'Object Repository/CallCenter/CreateNewStudent/Page_Create_New_Student/li_beiijing' is clicked on&#xD;
&#xD;
2019-08-27 21:50:15 - [TEST_STEP][PASSED] - click(findTestObject("CallCenter/CreateNewStudent/Page_Create_New_Student/select_city_list_2")): Object: 'Object Repository/CallCenter/CreateNewStudent/Page_Create_New_Student/select_city_list_2' is clicked on&#xD;
&#xD;
2019-08-27 21:50:15 - [MESSAGE][PASSED] - Object: 'Object Repository/CallCenter/CreateNewStudent/Page_Create_New_Student/select_city_list_2' is clicked on&#xD;
&#xD;
2019-08-27 21:50:15 - [TEST_STEP][PASSED] - click(findTestObject("CallCenter/CreateNewStudent/Page_Create_New_Student/li_beijingArea")): Object: 'Object Repository/CallCenter/CreateNewStudent/Page_Create_New_Student/li_beijingArea' is clicked on&#xD;
&#xD;
2019-08-27 21:50:16 - [MESSAGE][PASSED] - Object: 'Object Repository/CallCenter/CreateNewStudent/Page_Create_New_Student/li_beijingArea' is clicked on&#xD;
&#xD;
2019-08-27 21:50:16 - [TEST_STEP][PASSED] - click(findTestObject("CallCenter/CreateNewStudent/Page_Create_New_Student/select_gtade_1")): Object: 'Object Repository/CallCenter/CreateNewStudent/Page_Create_New_Student/select_gtade_1' is clicked on&#xD;
&#xD;
2019-08-27 21:50:17 - [MESSAGE][PASSED] - Object: 'Object Repository/CallCenter/CreateNewStudent/Page_Create_New_Student/select_gtade_1' is clicked on&#xD;
&#xD;
2019-08-27 21:50:17 - [TEST_STEP][PASSED] - click(findTestObject("CallCenter/CreateNewStudent/Page_Create_New_Student/li_xiaoxue")): Object: 'Object Repository/CallCenter/CreateNewStudent/Page_Create_New_Student/li_xiaoxue' is clicked on&#xD;
&#xD;
2019-08-27 21:50:18 - [MESSAGE][PASSED] - Object: 'Object Repository/CallCenter/CreateNewStudent/Page_Create_New_Student/li_xiaoxue' is clicked on&#xD;
&#xD;
2019-08-27 21:50:18 - [TEST_STEP][PASSED] - click(findTestObject("CallCenter/CreateNewStudent/Page_Create_New_Student/select_gtade_2")): Object: 'Object Repository/CallCenter/CreateNewStudent/Page_Create_New_Student/select_gtade_2' is clicked on&#xD;
&#xD;
2019-08-27 21:50:18 - [MESSAGE][PASSED] - Object: 'Object Repository/CallCenter/CreateNewStudent/Page_Create_New_Student/select_gtade_2' is clicked on&#xD;
&#xD;
2019-08-27 21:50:18 - [TEST_STEP][PASSED] - click(findTestObject("CallCenter/CreateNewStudent/Page_Create_New_Student/li_grade3")): Object: 'Object Repository/CallCenter/CreateNewStudent/Page_Create_New_Student/li_grade3' is clicked on&#xD;
&#xD;
2019-08-27 21:50:19 - [MESSAGE][PASSED] - Object: 'Object Repository/CallCenter/CreateNewStudent/Page_Create_New_Student/li_grade3' is clicked on&#xD;
&#xD;
2019-08-27 21:50:19 - [TEST_STEP][PASSED] - setText(findTestObject("CallCenter/CreateNewStudent/Page_Create_New_Student/input_phone"), "136" + utils.seleniumUtil.get8RandomNum()): Text '13683427338' is set on object 'Object Repository/CallCenter/CreateNewStudent/Page_Create_New_Student/input_phone'&#xD;
&#xD;
2019-08-27 21:50:19 - [MESSAGE][PASSED] - utils.seleniumUtil.get8RandomNum is PASSED&#xD;
&#xD;
2019-08-27 21:50:20 - [MESSAGE][PASSED] - Text '13683427338' is set on object 'Object Repository/CallCenter/CreateNewStudent/Page_Create_New_Student/input_phone'&#xD;
&#xD;
2019-08-27 21:50:20 - [TEST_STEP][PASSED] - click(findTestObject("CallCenter/CreateNewStudent/Page_Create_New_Student/select_mother_1")): Object: 'Object Repository/CallCenter/CreateNewStudent/Page_Create_New_Student/select_mother_1' is clicked on&#xD;
&#xD;
2019-08-27 21:50:21 - [MESSAGE][PASSED] - Object: 'Object Repository/CallCenter/CreateNewStudent/Page_Create_New_Student/select_mother_1' is clicked on&#xD;
&#xD;
2019-08-27 21:50:21 - [TEST_STEP][PASSED] - click(findTestObject("CallCenter/CreateNewStudent/Page_Create_New_Student/select_mother_2")): Object: 'Object Repository/CallCenter/CreateNewStudent/Page_Create_New_Student/select_mother_2' is clicked on&#xD;
&#xD;
2019-08-27 21:50:21 - [MESSAGE][PASSED] - Object: 'Object Repository/CallCenter/CreateNewStudent/Page_Create_New_Student/select_mother_2' is clicked on&#xD;
&#xD;
2019-08-27 21:50:21 - [TEST_STEP][PASSED] - click(findTestObject("CallCenter/CreateNewStudent/Page_Create_New_Student/button_safe")): Object: 'Object Repository/CallCenter/CreateNewStudent/Page_Create_New_Student/button_safe' is clicked on&#xD;
&#xD;
2019-08-27 21:50:22 - [MESSAGE][PASSED] - Object: 'Object Repository/CallCenter/CreateNewStudent/Page_Create_New_Student/button_safe' is clicked on&#xD;
&#xD;
2019-08-27 21:50:22 - [TEST_STEP][PASSED] - verifyElementPresent(findTestObject("CallCenter/CreateNewStudent/Page_Create_New_Student/text_create_success"), 2000): Object 'Object Repository/CallCenter/CreateNewStudent/Page_Create_New_Student/text_create_success' is present&#xD;
&#xD;
2019-08-27 21:50:22 - [MESSAGE][PASSED] - Object 'Object Repository/CallCenter/CreateNewStudent/Page_Create_New_Student/text_create_success' is present&#xD;
&#xD;
2019-08-27 21:50:22 - [TEST_STEP][PASSED] - verifyCheckpoint(findCheckpoint("Checkpoints/Checkpoint"), false): Checkpoint data and Source data are matched&#xD;
&#xD;
2019-08-27 21:50:24 - [MESSAGE][PASSED] - Checkpoint data and Source data are matched&#xD;
&#xD;
2019-08-27 21:50:24 - [TEST_STEP][PASSED] - switchToDefaultContent(): null&#xD;
&#xD;
2019-08-27 21:50:24 - [TEST_STEP][PASSED] - closeBrowser(): Browser is closed&#xD;
&#xD;
2019-08-27 21:50:25 - [MESSAGE][PASSED] - Browser is closed</system-out>
            <system-err></system-err>
        </testcase>
        <testcase name="Test Cases/Call_Center/Create_New_Student" classname="Test Cases/Call_Center/Create_New_Student" status="FAILED">
            <failure type="FAILED" message="Test Cases/Call_Center/Create_New_Student FAILED.&#xA;Reason:&#xA;com.kms.katalon.core.exception.StepFailedException: Unable to click on image&#xD;&#xA;&#x9;at com.kms.katalon.core.webui.keyword.internal.WebUIKeywordMain.stepFailed(WebUIKeywordMain.groovy:64)&#xD;&#xA;&#x9;at com.kms.katalon.core.webui.keyword.internal.WebUIKeywordMain.runKeyword(WebUIKeywordMain.groovy:26)&#xD;&#xA;&#x9;at com.kms.katalon.core.webui.keyword.builtin.ClickImageKeyword.clickImage(ClickImageKeyword.groovy:90)&#xD;&#xA;&#x9;at com.kms.katalon.core.webui.keyword.builtin.ClickImageKeyword.execute(ClickImageKeyword.groovy:67)&#xD;&#xA;&#x9;at com.kms.katalon.core.keyword.internal.KeywordExecutor.executeKeywordForPlatform(KeywordExecutor.groovy:56)&#xD;&#xA;&#x9;at com.kms.katalon.core.webui.keyword.WebUiBuiltInKeywords.clickImage(WebUiBuiltInKeywords.groovy:2710)&#xD;&#xA;&#x9;at com.kms.katalon.core.webui.keyword.WebUiBuiltInKeywords$clickImage$8.call(Unknown Source)&#xD;&#xA;&#x9;at Create_New_Student.userSex(Create_New_Student:76)&#xD;&#xA;&#x9;at Create_New_Student.run(Create_New_Student:40)&#xD;&#xA;&#x9;at com.kms.katalon.core.main.ScriptEngine.run(ScriptEngine.java:194)&#xD;&#xA;&#x9;at com.kms.katalon.core.main.ScriptEngine.runScriptAsRawText(ScriptEngine.java:119)&#xD;&#xA;&#x9;at com.kms.katalon.core.main.TestCaseExecutor.runScript(TestCaseExecutor.java:337)&#xD;&#xA;&#x9;at com.kms.katalon.core.main.TestCaseExecutor.doExecute(TestCaseExecutor.java:328)&#xD;&#xA;&#x9;at com.kms.katalon.core.main.TestCaseExecutor.processExecutionPhase(TestCaseExecutor.java:307)&#xD;&#xA;&#x9;at com.kms.katalon.core.main.TestCaseExecutor.accessMainPhase(TestCaseExecutor.java:299)&#xD;&#xA;&#x9;at com.kms.katalon.core.main.TestCaseExecutor.execute(TestCaseExecutor.java:233)&#xD;&#xA;&#x9;at com.kms.katalon.core.main.TestSuiteExecutor.accessTestCaseMainPhase(TestSuiteExecutor.java:133)&#xD;&#xA;&#x9;at com.kms.katalon.core.main.TestSuiteExecutor.accessTestSuiteMainPhase(TestSuiteExecutor.java:116)&#xD;&#xA;&#x9;at com.kms.katalon.core.main.TestSuiteExecutor.execute(TestSuiteExecutor.java:83)&#xD;&#xA;&#x9;at com.kms.katalon.core.main.TestCaseMain.startTestSuite(TestCaseMain.java:157)&#xD;&#xA;&#x9;at com.kms.katalon.core.main.TestCaseMain$startTestSuite$0.call(Unknown Source)&#xD;&#xA;&#x9;at TempTestSuite1566967770160.run(TempTestSuite1566967770160.groovy:35)&#xD;&#xA;Caused by: java.lang.Exception: Cannot recognise image on screen&#xD;&#xA;&#x9;at com.kms.katalon.core.webui.common.ScreenUtil.clickImage(ScreenUtil.java:37)&#xD;&#xA;&#x9;at com.kms.katalon.core.webui.keyword.builtin.ClickImageKeyword$_clickImage_closure1.doCall(ClickImageKeyword.groovy:87)&#xD;&#xA;&#x9;at com.kms.katalon.core.webui.keyword.builtin.ClickImageKeyword$_clickImage_closure1.call(ClickImageKeyword.groovy)&#xD;&#xA;&#x9;at com.kms.katalon.core.webui.keyword.internal.WebUIKeywordMain.runKeyword(WebUIKeywordMain.groovy:20)&#xD;&#xA;&#x9;... 20 more&#xD;&#xA;"/>
            <system-out>2019-08-27 21:50:25 - [TEST_CASE][FAILED] - Test Cases/Call_Center/Create_New_Student: Test Cases/Call_Center/Create_New_Student FAILED.
Reason:
com.kms.katalon.core.exception.StepFailedException: Unable to click on image&#xD;
	at com.kms.katalon.core.webui.keyword.internal.WebUIKeywordMain.stepFailed(WebUIKeywordMain.groovy:64)&#xD;
	at com.kms.katalon.core.webui.keyword.internal.WebUIKeywordMain.runKeyword(WebUIKeywordMain.groovy:26)&#xD;
	at com.kms.katalon.core.webui.keyword.builtin.ClickImageKeyword.clickImage(ClickImageKeyword.groovy:90)&#xD;
	at com.kms.katalon.core.webui.keyword.builtin.ClickImageKeyword.execute(ClickImageKeyword.groovy:67)&#xD;
	at com.kms.katalon.core.keyword.internal.KeywordExecutor.executeKeywordForPlatform(KeywordExecutor.groovy:56)&#xD;
	at com.kms.katalon.core.webui.keyword.WebUiBuiltInKeywords.clickImage(WebUiBuiltInKeywords.groovy:2710)&#xD;
	at com.kms.katalon.core.webui.keyword.WebUiBuiltInKeywords$clickImage$8.call(Unknown Source)&#xD;
	at Create_New_Student.userSex(Create_New_Student:76)&#xD;
	at Create_New_Student.run(Create_New_Student:40)&#xD;
	at com.kms.katalon.core.main.ScriptEngine.run(ScriptEngine.java:194)&#xD;
	at com.kms.katalon.core.main.ScriptEngine.runScriptAsRawText(ScriptEngine.java:119)&#xD;
	at com.kms.katalon.core.main.TestCaseExecutor.runScript(TestCaseExecutor.java:337)&#xD;
	at com.kms.katalon.core.main.TestCaseExecutor.doExecute(TestCaseExecutor.java:328)&#xD;
	at com.kms.katalon.core.main.TestCaseExecutor.processExecutionPhase(TestCaseExecutor.java:307)&#xD;
	at com.kms.katalon.core.main.TestCaseExecutor.accessMainPhase(TestCaseExecutor.java:299)&#xD;
	at com.kms.katalon.core.main.TestCaseExecutor.execute(TestCaseExecutor.java:233)&#xD;
	at com.kms.katalon.core.main.TestSuiteExecutor.accessTestCaseMainPhase(TestSuiteExecutor.java:133)&#xD;
	at com.kms.katalon.core.main.TestSuiteExecutor.accessTestSuiteMainPhase(TestSuiteExecutor.java:116)&#xD;
	at com.kms.katalon.core.main.TestSuiteExecutor.execute(TestSuiteExecutor.java:83)&#xD;
	at com.kms.katalon.core.main.TestCaseMain.startTestSuite(TestCaseMain.java:157)&#xD;
	at com.kms.katalon.core.main.TestCaseMain$startTestSuite$0.call(Unknown Source)&#xD;
	at TempTestSuite1566967770160.run(TempTestSuite1566967770160.groovy:35)&#xD;
Caused by: java.lang.Exception: Cannot recognise image on screen&#xD;
	at com.kms.katalon.core.webui.common.ScreenUtil.clickImage(ScreenUtil.java:37)&#xD;
	at com.kms.katalon.core.webui.keyword.builtin.ClickImageKeyword$_clickImage_closure1.doCall(ClickImageKeyword.groovy:87)&#xD;
	at com.kms.katalon.core.webui.keyword.builtin.ClickImageKeyword$_clickImage_closure1.call(ClickImageKeyword.groovy)&#xD;
	at com.kms.katalon.core.webui.keyword.internal.WebUIKeywordMain.runKeyword(WebUIKeywordMain.groovy:20)&#xD;
	... 20 more&#xD;
&#xD;
&#xD;
2019-08-27 21:50:25 - [TEST_STEP][PASSED] - Start listener action : sampleBeforeTestCase: null&#xD;
&#xD;
2019-08-27 21:50:25 - [TEST_STEP][PASSED] - println(testCaseContext.getTestCaseId()): null&#xD;
&#xD;
2019-08-27 21:50:25 - [TEST_STEP][PASSED] - println(testCaseContext.getTestCaseVariables()): null&#xD;
&#xD;
2019-08-27 21:50:25 - [TEST_STEP][PASSED] - if (environment == "test"): null&#xD;
&#xD;
2019-08-27 21:50:25 - [TEST_STEP][PASSED] - url = "http://call-center-beta.speiyou.net/login": null&#xD;
&#xD;
2019-08-27 21:50:25 - [TEST_STEP][PASSED] - openBrowser(""): Browser is opened with url: ''&#xD;
&#xD;
2019-08-27 21:50:25 - [MESSAGE][INFO] - Starting 'Chrome' driver&#xD;
&#xD;
2019-08-27 21:50:28 - [MESSAGE][PASSED] - Browser is opened with url: ''&#xD;
&#xD;
2019-08-27 21:50:28 - [TEST_STEP][PASSED] - navigateToUrl(url): Navigate to 'http://call-center-beta.speiyou.net/login' successfully&#xD;
&#xD;
2019-08-27 21:50:33 - [MESSAGE][PASSED] - Navigate to 'http://call-center-beta.speiyou.net/login' successfully&#xD;
&#xD;
2019-08-27 21:50:33 - [TEST_STEP][PASSED] - maximizeWindow(): Current window maximized&#xD;
&#xD;
2019-08-27 21:50:34 - [MESSAGE][PASSED] - Current window maximized&#xD;
&#xD;
2019-08-27 21:50:34 - [TEST_STEP][PASSED] - setText(findTestObject("CallCenter/CreateNewStudent/Page_Login/input__username"), "3018"): Text '3018' is set on object 'Object Repository/CallCenter/CreateNewStudent/Page_Login/input__username'&#xD;
&#xD;
2019-08-27 21:50:35 - [MESSAGE][PASSED] - Text '3018' is set on object 'Object Repository/CallCenter/CreateNewStudent/Page_Login/input__username'&#xD;
&#xD;
2019-08-27 21:50:35 - [TEST_STEP][PASSED] - setEncryptedText(findTestObject("CallCenter/CreateNewStudent/Page_Login/input_password"), "4nvbrPglk7k="): Text ****** has been set on object 'Object Repository/CallCenter/CreateNewStudent/Page_Login/input_password'&#xD;
&#xD;
2019-08-27 21:50:35 - [MESSAGE][PASSED] - Text ****** has been set on object 'Object Repository/CallCenter/CreateNewStudent/Page_Login/input_password'&#xD;
&#xD;
2019-08-27 21:50:35 - [TEST_STEP][PASSED] - click(findTestObject("CallCenter/Page_Login/btn_login")): Object: 'Object Repository/CallCenter/Page_Login/btn_login' is clicked on&#xD;
&#xD;
2019-08-27 21:50:36 - [MESSAGE][PASSED] - Object: 'Object Repository/CallCenter/Page_Login/btn_login' is clicked on&#xD;
&#xD;
2019-08-27 21:50:36 - [TEST_STEP][PASSED] - click(findTestObject("CallCenter/CreateNewStudent/Page_Create_New_Student/select_custmor_dropdown")): Object: 'Object Repository/CallCenter/CreateNewStudent/Page_Create_New_Student/select_custmor_dropdown' is clicked on&#xD;
&#xD;
2019-08-27 21:50:39 - [MESSAGE][PASSED] - Object: 'Object Repository/CallCenter/CreateNewStudent/Page_Create_New_Student/select_custmor_dropdown' is clicked on&#xD;
&#xD;
2019-08-27 21:50:39 - [TEST_STEP][PASSED] - click(findTestObject("CallCenter/CreateNewStudent/Page_Create_New_Student/btn_signup")): Object: 'Object Repository/CallCenter/CreateNewStudent/Page_Create_New_Student/btn_signup' is clicked on&#xD;
&#xD;
2019-08-27 21:50:42 - [MESSAGE][PASSED] - Object: 'Object Repository/CallCenter/CreateNewStudent/Page_Create_New_Student/btn_signup' is clicked on&#xD;
&#xD;
2019-08-27 21:50:42 - [TEST_STEP][PASSED] - click(findTestObject("CallCenter/CreateNewStudent/Page_Create_New_Student/button_addNewStudent")): Object: 'Object Repository/CallCenter/CreateNewStudent/Page_Create_New_Student/button_addNewStudent' is clicked on&#xD;
&#xD;
2019-08-27 21:50:43 - [MESSAGE][PASSED] - Object: 'Object Repository/CallCenter/CreateNewStudent/Page_Create_New_Student/button_addNewStudent' is clicked on&#xD;
&#xD;
2019-08-27 21:50:43 - [TEST_STEP][PASSED] - setText(findTestObject("CallCenter/CreateNewStudent/Page_Create_New_Student/input_studentName"), stuname): Text '郭三一' is set on object 'Object Repository/CallCenter/CreateNewStudent/Page_Create_New_Student/input_studentName'&#xD;
&#xD;
2019-08-27 21:50:43 - [MESSAGE][PASSED] - Text '郭三一' is set on object 'Object Repository/CallCenter/CreateNewStudent/Page_Create_New_Student/input_studentName'&#xD;
&#xD;
2019-08-27 21:50:43 - [TEST_STEP][PASSED] - setText(findTestObject("CallCenter/CreateNewStudent/Page_Create_New_Student/input_birthday"), birthday): Text '2019-07-16' is set on object 'Object Repository/CallCenter/CreateNewStudent/Page_Create_New_Student/input_birthday'&#xD;
&#xD;
2019-08-27 21:50:44 - [MESSAGE][PASSED] - Text '2019-07-16' is set on object 'Object Repository/CallCenter/CreateNewStudent/Page_Create_New_Student/input_birthday'&#xD;
&#xD;
2019-08-27 21:50:44 - [TEST_STEP][PASSED] - userSex(): null&#xD;
&#xD;
2019-08-27 21:50:44 - [TEST_STEP][FAILED] - if (String.valueOf(sex) == "女"): Unable to click on image (Root cause: com.kms.katalon.core.exception.StepFailedException: Unable to click on image&#xD;
	at com.kms.katalon.core.webui.keyword.internal.WebUIKeywordMain.stepFailed(WebUIKeywordMain.groovy:64)&#xD;
	at com.kms.katalon.core.webui.keyword.internal.WebUIKeywordMain.runKeyword(WebUIKeywordMain.groovy:26)&#xD;
	at com.kms.katalon.core.webui.keyword.builtin.ClickImageKeyword.clickImage(ClickImageKeyword.groovy:90)&#xD;
	at com.kms.katalon.core.webui.keyword.builtin.ClickImageKeyword.execute(ClickImageKeyword.groovy:67)&#xD;
	at com.kms.katalon.core.keyword.internal.KeywordExecutor.executeKeywordForPlatform(KeywordExecutor.groovy:56)&#xD;
	at com.kms.katalon.core.webui.keyword.WebUiBuiltInKeywords.clickImage(WebUiBuiltInKeywords.groovy:2710)&#xD;
	at com.kms.katalon.core.webui.keyword.WebUiBuiltInKeywords$clickImage$8.call(Unknown Source)&#xD;
	at Create_New_Student.userSex(Create_New_Student:76)&#xD;
	at Create_New_Student.run(Create_New_Student:40)&#xD;
	at com.kms.katalon.core.main.ScriptEngine.run(ScriptEngine.java:194)&#xD;
	at com.kms.katalon.core.main.ScriptEngine.runScriptAsRawText(ScriptEngine.java:119)&#xD;
	at com.kms.katalon.core.main.TestCaseExecutor.runScript(TestCaseExecutor.java:337)&#xD;
	at com.kms.katalon.core.main.TestCaseExecutor.doExecute(TestCaseExecutor.java:328)&#xD;
	at com.kms.katalon.core.main.TestCaseExecutor.processExecutionPhase(TestCaseExecutor.java:307)&#xD;
	at com.kms.katalon.core.main.TestCaseExecutor.accessMainPhase(TestCaseExecutor.java:299)&#xD;
	at com.kms.katalon.core.main.TestCaseExecutor.execute(TestCaseExecutor.java:233)&#xD;
	at com.kms.katalon.core.main.TestSuiteExecutor.accessTestCaseMainPhase(TestSuiteExecutor.java:133)&#xD;
	at com.kms.katalon.core.main.TestSuiteExecutor.accessTestSuiteMainPhase(TestSuiteExecutor.java:116)&#xD;
	at com.kms.katalon.core.main.TestSuiteExecutor.execute(TestSuiteExecutor.java:83)&#xD;
	at com.kms.katalon.core.main.TestCaseMain.startTestSuite(TestCaseMain.java:157)&#xD;
	at com.kms.katalon.core.main.TestCaseMain$startTestSuite$0.call(Unknown Source)&#xD;
	at TempTestSuite1566967770160.run(TempTestSuite1566967770160.groovy:35)&#xD;
Caused by: java.lang.Exception: Cannot recognise image on screen&#xD;
	at com.kms.katalon.core.webui.common.ScreenUtil.clickImage(ScreenUtil.java:37)&#xD;
	at com.kms.katalon.core.webui.keyword.builtin.ClickImageKeyword$_clickImage_closure1.doCall(ClickImageKeyword.groovy:87)&#xD;
	at com.kms.katalon.core.webui.keyword.builtin.ClickImageKeyword$_clickImage_closure1.call(ClickImageKeyword.groovy)&#xD;
	at com.kms.katalon.core.webui.keyword.internal.WebUIKeywordMain.runKeyword(WebUIKeywordMain.groovy:20)&#xD;
	at com.kms.katalon.core.webui.keyword.builtin.ClickImageKeyword.clickImage(ClickImageKeyword.groovy:90)&#xD;
	at com.kms.katalon.core.webui.keyword.builtin.ClickImageKeyword.execute(ClickImageKeyword.groovy:67)&#xD;
	at com.kms.katalon.core.keyword.internal.KeywordExecutor.executeKeywordForPlatform(KeywordExecutor.groovy:56)&#xD;
	at com.kms.katalon.core.webui.keyword.WebUiBuiltInKeywords.clickImage(WebUiBuiltInKeywords.groovy:2710)&#xD;
	at com.kms.katalon.core.webui.keyword.WebUiBuiltInKeywords$clickImage$8.call(Unknown Source)&#xD;
	at Script1566119940464.userSex(Script1566119940464.groovy:76)&#xD;
	at Script1566119940464.run(Script1566119940464.groovy:40)&#xD;
	... 13 more&#xD;
)&#xD;
&#xD;
2019-08-27 21:50:44 - [TEST_STEP][FAILED] - clickImage(findTestObject("CallCenter/CreateNewStudent/Page_Create_New_Student/raido_girl")): Unable to click on image (Root cause: com.kms.katalon.core.exception.StepFailedException: Unable to click on image&#xD;
	at com.kms.katalon.core.webui.keyword.internal.WebUIKeywordMain.stepFailed(WebUIKeywordMain.groovy:64)&#xD;
	at com.kms.katalon.core.webui.keyword.internal.WebUIKeywordMain.runKeyword(WebUIKeywordMain.groovy:26)&#xD;
	at com.kms.katalon.core.webui.keyword.builtin.ClickImageKeyword.clickImage(ClickImageKeyword.groovy:90)&#xD;
	at com.kms.katalon.core.webui.keyword.builtin.ClickImageKeyword.execute(ClickImageKeyword.groovy:67)&#xD;
	at com.kms.katalon.core.keyword.internal.KeywordExecutor.executeKeywordForPlatform(KeywordExecutor.groovy:56)&#xD;
	at com.kms.katalon.core.webui.keyword.WebUiBuiltInKeywords.clickImage(WebUiBuiltInKeywords.groovy:2710)&#xD;
	at com.kms.katalon.core.webui.keyword.WebUiBuiltInKeywords$clickImage$8.call(Unknown Source)&#xD;
	at Create_New_Student.userSex(Create_New_Student:76)&#xD;
	at Create_New_Student.run(Create_New_Student:40)&#xD;
	at com.kms.katalon.core.main.ScriptEngine.run(ScriptEngine.java:194)&#xD;
	at com.kms.katalon.core.main.ScriptEngine.runScriptAsRawText(ScriptEngine.java:119)&#xD;
	at com.kms.katalon.core.main.TestCaseExecutor.runScript(TestCaseExecutor.java:337)&#xD;
	at com.kms.katalon.core.main.TestCaseExecutor.doExecute(TestCaseExecutor.java:328)&#xD;
	at com.kms.katalon.core.main.TestCaseExecutor.processExecutionPhase(TestCaseExecutor.java:307)&#xD;
	at com.kms.katalon.core.main.TestCaseExecutor.accessMainPhase(TestCaseExecutor.java:299)&#xD;
	at com.kms.katalon.core.main.TestCaseExecutor.execute(TestCaseExecutor.java:233)&#xD;
	at com.kms.katalon.core.main.TestSuiteExecutor.accessTestCaseMainPhase(TestSuiteExecutor.java:133)&#xD;
	at com.kms.katalon.core.main.TestSuiteExecutor.accessTestSuiteMainPhase(TestSuiteExecutor.java:116)&#xD;
	at com.kms.katalon.core.main.TestSuiteExecutor.execute(TestSuiteExecutor.java:83)&#xD;
	at com.kms.katalon.core.main.TestCaseMain.startTestSuite(TestCaseMain.java:157)&#xD;
	at com.kms.katalon.core.main.TestCaseMain$startTestSuite$0.call(Unknown Source)&#xD;
	at TempTestSuite1566967770160.run(TempTestSuite1566967770160.groovy:35)&#xD;
Caused by: java.lang.Exception: Cannot recognise image on screen&#xD;
	at com.kms.katalon.core.webui.common.ScreenUtil.clickImage(ScreenUtil.java:37)&#xD;
	at com.kms.katalon.core.webui.keyword.builtin.ClickImageKeyword$_clickImage_closure1.doCall(ClickImageKeyword.groovy:87)&#xD;
	at com.kms.katalon.core.webui.keyword.builtin.ClickImageKeyword$_clickImage_closure1.call(ClickImageKeyword.groovy)&#xD;
	at com.kms.katalon.core.webui.keyword.internal.WebUIKeywordMain.runKeyword(WebUIKeywordMain.groovy:20)&#xD;
	at com.kms.katalon.core.webui.keyword.builtin.ClickImageKeyword.clickImage(ClickImageKeyword.groovy:90)&#xD;
	at com.kms.katalon.core.webui.keyword.builtin.ClickImageKeyword.execute(ClickImageKeyword.groovy:67)&#xD;
	at com.kms.katalon.core.keyword.internal.KeywordExecutor.executeKeywordForPlatform(KeywordExecutor.groovy:56)&#xD;
	at com.kms.katalon.core.webui.keyword.WebUiBuiltInKeywords.clickImage(WebUiBuiltInKeywords.groovy:2710)&#xD;
	at com.kms.katalon.core.webui.keyword.WebUiBuiltInKeywords$clickImage$8.call(Unknown Source)&#xD;
	at Script1566119940464.userSex(Script1566119940464.groovy:76)&#xD;
	at Script1566119940464.run(Script1566119940464.groovy:40)&#xD;
	... 13 more&#xD;
)&#xD;
&#xD;
2019-08-27 21:50:47 - [MESSAGE][FAILED] - Unable to click on image (Root cause: com.kms.katalon.core.exception.StepFailedException: Unable to click on image&#xD;
	at com.kms.katalon.core.webui.keyword.internal.WebUIKeywordMain.stepFailed(WebUIKeywordMain.groovy:64)&#xD;
	at com.kms.katalon.core.webui.keyword.internal.WebUIKeywordMain.runKeyword(WebUIKeywordMain.groovy:26)&#xD;
	at com.kms.katalon.core.webui.keyword.builtin.ClickImageKeyword.clickImage(ClickImageKeyword.groovy:90)&#xD;
	at com.kms.katalon.core.webui.keyword.builtin.ClickImageKeyword.execute(ClickImageKeyword.groovy:67)&#xD;
	at com.kms.katalon.core.keyword.internal.KeywordExecutor.executeKeywordForPlatform(KeywordExecutor.groovy:56)&#xD;
	at com.kms.katalon.core.webui.keyword.WebUiBuiltInKeywords.clickImage(WebUiBuiltInKeywords.groovy:2710)&#xD;
	at com.kms.katalon.core.webui.keyword.WebUiBuiltInKeywords$clickImage$8.call(Unknown Source)&#xD;
	at Create_New_Student.userSex(Create_New_Student:76)&#xD;
	at Create_New_Student.run(Create_New_Student:40)&#xD;
	at com.kms.katalon.core.main.ScriptEngine.run(ScriptEngine.java:194)&#xD;
	at com.kms.katalon.core.main.ScriptEngine.runScriptAsRawText(ScriptEngine.java:119)&#xD;
	at com.kms.katalon.core.main.TestCaseExecutor.runScript(TestCaseExecutor.java:337)&#xD;
	at com.kms.katalon.core.main.TestCaseExecutor.doExecute(TestCaseExecutor.java:328)&#xD;
	at com.kms.katalon.core.main.TestCaseExecutor.processExecutionPhase(TestCaseExecutor.java:307)&#xD;
	at com.kms.katalon.core.main.TestCaseExecutor.accessMainPhase(TestCaseExecutor.java:299)&#xD;
	at com.kms.katalon.core.main.TestCaseExecutor.execute(TestCaseExecutor.java:233)&#xD;
	at com.kms.katalon.core.main.TestSuiteExecutor.accessTestCaseMainPhase(TestSuiteExecutor.java:133)&#xD;
	at com.kms.katalon.core.main.TestSuiteExecutor.accessTestSuiteMainPhase(TestSuiteExecutor.java:116)&#xD;
	at com.kms.katalon.core.main.TestSuiteExecutor.execute(TestSuiteExecutor.java:83)&#xD;
	at com.kms.katalon.core.main.TestCaseMain.startTestSuite(TestCaseMain.java:157)&#xD;
	at com.kms.katalon.core.main.TestCaseMain$startTestSuite$0.call(Unknown Source)&#xD;
	at TempTestSuite1566967770160.run(TempTestSuite1566967770160.groovy:35)&#xD;
Caused by: java.lang.Exception: Cannot recognise image on screen&#xD;
	at com.kms.katalon.core.webui.common.ScreenUtil.clickImage(ScreenUtil.java:37)&#xD;
	at com.kms.katalon.core.webui.keyword.builtin.ClickImageKeyword$_clickImage_closure1.doCall(ClickImageKeyword.groovy:87)&#xD;
	at com.kms.katalon.core.webui.keyword.builtin.ClickImageKeyword$_clickImage_closure1.call(ClickImageKeyword.groovy)&#xD;
	at com.kms.katalon.core.webui.keyword.internal.WebUIKeywordMain.runKeyword(WebUIKeywordMain.groovy:20)&#xD;
	at com.kms.katalon.core.webui.keyword.builtin.ClickImageKeyword.clickImage(ClickImageKeyword.groovy:90)&#xD;
	at com.kms.katalon.core.webui.keyword.builtin.ClickImageKeyword.execute(ClickImageKeyword.groovy:67)&#xD;
	at com.kms.katalon.core.keyword.internal.KeywordExecutor.executeKeywordForPlatform(KeywordExecutor.groovy:56)&#xD;
	at com.kms.katalon.core.webui.keyword.WebUiBuiltInKeywords.clickImage(WebUiBuiltInKeywords.groovy:2710)&#xD;
	at com.kms.katalon.core.webui.keyword.WebUiBuiltInKeywords$clickImage$8.call(Unknown Source)&#xD;
	at Script1566119940464.userSex(Script1566119940464.groovy:76)&#xD;
	at Script1566119940464.run(Script1566119940464.groovy:40)&#xD;
	... 13 more&#xD;
)&#xD;
[[ATTACHMENT|C:\\Users\\kuu\\Katalon Studio\\call_center\\Reports\\call_center\\20190827_214930\\1566967847308.png]]</system-out>
            <system-err>2019-08-27 21:50:25 - [TEST_CASE][FAILED] - Test Cases/Call_Center/Create_New_Student: Test Cases/Call_Center/Create_New_Student FAILED.
Reason:
com.kms.katalon.core.exception.StepFailedException: Unable to click on image&#xD;
	at com.kms.katalon.core.webui.keyword.internal.WebUIKeywordMain.stepFailed(WebUIKeywordMain.groovy:64)&#xD;
	at com.kms.katalon.core.webui.keyword.internal.WebUIKeywordMain.runKeyword(WebUIKeywordMain.groovy:26)&#xD;
	at com.kms.katalon.core.webui.keyword.builtin.ClickImageKeyword.clickImage(ClickImageKeyword.groovy:90)&#xD;
	at com.kms.katalon.core.webui.keyword.builtin.ClickImageKeyword.execute(ClickImageKeyword.groovy:67)&#xD;
	at com.kms.katalon.core.keyword.internal.KeywordExecutor.executeKeywordForPlatform(KeywordExecutor.groovy:56)&#xD;
	at com.kms.katalon.core.webui.keyword.WebUiBuiltInKeywords.clickImage(WebUiBuiltInKeywords.groovy:2710)&#xD;
	at com.kms.katalon.core.webui.keyword.WebUiBuiltInKeywords$clickImage$8.call(Unknown Source)&#xD;
	at Create_New_Student.userSex(Create_New_Student:76)&#xD;
	at Create_New_Student.run(Create_New_Student:40)&#xD;
	at com.kms.katalon.core.main.ScriptEngine.run(ScriptEngine.java:194)&#xD;
	at com.kms.katalon.core.main.ScriptEngine.runScriptAsRawText(ScriptEngine.java:119)&#xD;
	at com.kms.katalon.core.main.TestCaseExecutor.runScript(TestCaseExecutor.java:337)&#xD;
	at com.kms.katalon.core.main.TestCaseExecutor.doExecute(TestCaseExecutor.java:328)&#xD;
	at com.kms.katalon.core.main.TestCaseExecutor.processExecutionPhase(TestCaseExecutor.java:307)&#xD;
	at com.kms.katalon.core.main.TestCaseExecutor.accessMainPhase(TestCaseExecutor.java:299)&#xD;
	at com.kms.katalon.core.main.TestCaseExecutor.execute(TestCaseExecutor.java:233)&#xD;
	at com.kms.katalon.core.main.TestSuiteExecutor.accessTestCaseMainPhase(TestSuiteExecutor.java:133)&#xD;
	at com.kms.katalon.core.main.TestSuiteExecutor.accessTestSuiteMainPhase(TestSuiteExecutor.java:116)&#xD;
	at com.kms.katalon.core.main.TestSuiteExecutor.execute(TestSuiteExecutor.java:83)&#xD;
	at com.kms.katalon.core.main.TestCaseMain.startTestSuite(TestCaseMain.java:157)&#xD;
	at com.kms.katalon.core.main.TestCaseMain$startTestSuite$0.call(Unknown Source)&#xD;
	at TempTestSuite1566967770160.run(TempTestSuite1566967770160.groovy:35)&#xD;
Caused by: java.lang.Exception: Cannot recognise image on screen&#xD;
	at com.kms.katalon.core.webui.common.ScreenUtil.clickImage(ScreenUtil.java:37)&#xD;
	at com.kms.katalon.core.webui.keyword.builtin.ClickImageKeyword$_clickImage_closure1.doCall(ClickImageKeyword.groovy:87)&#xD;
	at com.kms.katalon.core.webui.keyword.builtin.ClickImageKeyword$_clickImage_closure1.call(ClickImageKeyword.groovy)&#xD;
	at com.kms.katalon.core.webui.keyword.internal.WebUIKeywordMain.runKeyword(WebUIKeywordMain.groovy:20)&#xD;
	... 20 more</system-err>
        </testcase>
        <system-out>2019-08-27 21:49:37 - [TEST_SUITE][INCOMPLETE] - call_center: null</system-out>
        <system-err>2019-08-27 21:49:37 - [TEST_SUITE][INCOMPLETE] - call_center: null</system-err>
    </testsuite>
</testsuites>
